#
# There is insufficient memory for the Java Runtime Environment to continue.
# Native memory allocation (mmap) failed to map 77594624 bytes for committing reserved memory.
# Possible reasons:
#   The system is out of physical RAM or swap space
#   In 32 bit mode, the process size limit was hit
# Possible solutions:
#   Reduce memory load on the system
#   Increase physical memory or swap space
#   Check if swap backing store is full
#   Use 64 bit Java on a 64 bit OS
#   Decrease Java heap size (-Xmx/-Xms)
#   Decrease number of Java threads
#   Decrease Java thread stack sizes (-Xss)
#   Set larger code cache with -XX:ReservedCodeCacheSize=
# This output file may be truncated or incomplete.
#
#  Out of Memory Error (os_linux.cpp:2640), pid=12786, tid=0x00007f2ff318e700
#
# JRE version: OpenJDK Runtime Environment (8.0_152-b01) (build 1.8.0_152-release-915-b01)
# Java VM: OpenJDK 64-Bit Server VM (25.152-b01 mixed mode linux-amd64 compressed oops)
# Failed to write core dump. Core dumps have been disabled. To enable core dumping, try "ulimit -c unlimited" before starting Java again
#

---------------  T H R E A D  ---------------

Current thread (0x00007f3018078000):  VMThread [stack: 0x00007f2ff308e000,0x00007f2ff318f000] [id=12795]

Stack: [0x00007f2ff308e000,0x00007f2ff318f000],  sp=0x00007f2ff318d4a0,  free space=1021k
Native frames: (J=compiled Java code, j=interpreted, Vv=VM code, C=native code)
V  [libjvm.so+0x9eb15d]  VMError::report_and_die()+0x15d
V  [libjvm.so+0x4b8eaa]  report_vm_out_of_memory(char const*, int, unsigned long, VMErrorType, char const*)+0x8a
V  [libjvm.so+0x851370]  os::pd_commit_memory(char*, unsigned long, unsigned long, bool)+0xf0
V  [libjvm.so+0x84be8f]  os::commit_memory(char*, unsigned long, unsigned long, bool)+0x1f
V  [libjvm.so+0x8c261b]  PSVirtualSpace::expand_by(unsigned long)+0x5b
V  [libjvm.so+0x8c3290]  PSYoungGen::resize_generation(unsigned long, unsigned long)+0xb0
V  [libjvm.so+0x8c35ab]  PSYoungGen::resize(unsigned long, unsigned long)+0x1b
V  [libjvm.so+0x8bfc9c]  PSScavenge::invoke_no_policy()+0xdac
V  [libjvm.so+0x8b97a0]  PSParallelCompact::invoke(bool)+0x40
V  [libjvm.so+0x448a93]  CollectedHeap::collect_as_vm_thread(GCCause::Cause)+0x143
V  [libjvm.so+0x9ec5a1]  VM_CollectForMetadataAllocation::doit()+0x141
V  [libjvm.so+0x9f1197]  VM_Operation::evaluate()+0x47
V  [libjvm.so+0x9efb78]  VMThread::evaluate_operation(VM_Operation*)+0x2c8
V  [libjvm.so+0x9efff9]  VMThread::loop()+0x219
V  [libjvm.so+0x9f0442]  VMThread::run()+0x72
V  [libjvm.so+0x84e792]  java_start(Thread*)+0xf2

VM_Operation (0x00007f2f9a0ebd10): CollectForMetadataAllocation, mode: safepoint, requested by thread 0x00007f2fad15c800


---------------  P R O C E S S  ---------------

Java Threads: ( => current thread )
  0x00007f2f8c04d800 JavaThread "Cache worker for Java compile cache (/home/ca6/Desktop/TollywoodCircle2/.gradle/4.1/javaCompile)" [_thread_blocked, id=12851, stack(0x00007f2ff07b4000,0x00007f2ff08b5000)]
  0x00007f2fad159000 JavaThread "Task worker for ':' Thread 3" [_thread_blocked, id=12836, stack(0x00007f2f99ded000,0x00007f2f99eee000)]
  0x00007f2fad15d800 JavaThread "Task worker for ':' Thread 2" [_thread_blocked, id=12835, stack(0x00007f2f99eee000,0x00007f2f99fef000)]
  0x00007f2fad15c800 JavaThread "Task worker for ':'" [_thread_blocked, id=12834, stack(0x00007f2f99fef000,0x00007f2f9a0f0000)]
  0x00007f2fad167800 JavaThread "Cache worker for task history cache (/home/ca6/Desktop/TollywoodCircle2/.gradle/4.1/taskHistory)" [_thread_blocked, id=12833, stack(0x00007f2f9a0f0000,0x00007f2f9a1f1000)]
  0x00007f2fad46a800 JavaThread "Cache worker for file content cache (/home/ca6/Desktop/TollywoodCircle2/.gradle/4.1/fileContent)" [_thread_blocked, id=12832, stack(0x00007f2f9a1f1000,0x00007f2f9a2f2000)]
  0x00007f2face8a800 JavaThread "Memory manager" [_thread_blocked, id=12827, stack(0x00007f2f9b191000,0x00007f2f9b292000)]
  0x00007f2facc58000 JavaThread "pool-1-thread-1" [_thread_blocked, id=12826, stack(0x00007f2f9b292000,0x00007f2f9b393000)]
  0x00007f2fac17d800 JavaThread "build operations Thread 4" [_thread_blocked, id=12825, stack(0x00007f2f9bcfd000,0x00007f2f9bdfe000)]
  0x00007f2fac17c000 JavaThread "build operations Thread 3" [_thread_blocked, id=12824, stack(0x00007f2f9bdfe000,0x00007f2f9beff000)]
  0x00007f2fac17a800 JavaThread "build operations Thread 2" [_thread_blocked, id=12823, stack(0x00007f2f9beff000,0x00007f2f9c000000)]
  0x00007f2fac09f000 JavaThread "build operations" [_thread_blocked, id=12822, stack(0x00007f2fc808b000,0x00007f2fc818c000)]
  0x00007f2facafc800 JavaThread "Cache worker for Artifact transforms cache (/home/ca6/.gradle/caches/transforms-1)" [_thread_blocked, id=12821, stack(0x00007f2fc838c000,0x00007f2fc848d000)]
  0x00007f2fac2b5800 JavaThread "Cache worker for file hash cache (/home/ca6/Desktop/TollywoodCircle2/.gradle/4.1/fileHashes)" [_thread_blocked, id=12816, stack(0x00007f2ff00b1000,0x00007f2ff01b2000)]
  0x00007f2fac15d000 JavaThread "File lock request listener" [_thread_in_native, id=12815, stack(0x00007f2ff03b2000,0x00007f2ff04b3000)]
  0x00007f2fac15c800 JavaThread "Cache worker for file hash cache (/home/ca6/.gradle/caches/4.1/fileHashes)" [_thread_blocked, id=12814, stack(0x00007f2ff04b3000,0x00007f2ff05b4000)]
  0x00007f2fac004000 JavaThread "Asynchronous log dispatcher for DefaultDaemonConnection: socket connection from /127.0.0.1:35059 to /127.0.0.1:50442" [_thread_blocked, id=12812, stack(0x00007f2ff08b5000,0x00007f2ff09b6000)]
  0x00007f2fc0008000 JavaThread "Daemon worker" [_thread_blocked, id=12809, stack(0x00007f2ff09b6000,0x00007f2ff0ab7000)]
  0x00007f2fc0006800 JavaThread "Cancel handler" [_thread_blocked, id=12808, stack(0x00007f2ff0ab7000,0x00007f2ff0bb8000)]
  0x00007f2fc0001800 JavaThread "Handler for socket connection from /127.0.0.1:35059 to /127.0.0.1:50442" [_thread_in_native, id=12807, stack(0x00007f2ff0bb8000,0x00007f2ff0cb9000)]
  0x00007f2fc4018800 JavaThread "Daemon" [_thread_blocked, id=12806, stack(0x00007f2ff0cb9000,0x00007f2ff0dba000)]
  0x00007f3018ca1000 JavaThread "Daemon periodic checks" [_thread_blocked, id=12805, stack(0x00007f2ff0dba000,0x00007f2ff0ebb000)]
  0x00007f3018c8b800 JavaThread "Incoming local TCP Connector on port 35059" [_thread_in_native, id=12804, stack(0x00007f2ff0ec2000,0x00007f2ff0fc3000)]
  0x00007f30180c0800 JavaThread "Service Thread" daemon [_thread_blocked, id=12802, stack(0x00007f2ff265f000,0x00007f2ff2760000)]
  0x00007f30180bd000 JavaThread "C1 CompilerThread2" daemon [_thread_blocked, id=12801, stack(0x00007f2ff2760000,0x00007f2ff2861000)]
  0x00007f30180bb800 JavaThread "C2 CompilerThread1" daemon [_thread_blocked, id=12800, stack(0x00007f2ff2861000,0x00007f2ff2962000)]
  0x00007f30180b8800 JavaThread "C2 CompilerThread0" daemon [_thread_blocked, id=12799, stack(0x00007f2ff2962000,0x00007f2ff2a63000)]
  0x00007f30180b7000 JavaThread "Signal Dispatcher" daemon [_thread_blocked, id=12798, stack(0x00007f2ff2a63000,0x00007f2ff2b64000)]
  0x00007f3018084800 JavaThread "Finalizer" daemon [_thread_blocked, id=12797, stack(0x00007f2ff2e8c000,0x00007f2ff2f8d000)]
  0x00007f3018080000 JavaThread "Reference Handler" daemon [_thread_blocked, id=12796, stack(0x00007f2ff2f8d000,0x00007f2ff308e000)]
  0x00007f301800a800 JavaThread "main" [_thread_blocked, id=12790, stack(0x00007f301e952000,0x00007f301ea53000)]

Other Threads:
=>0x00007f3018078000 VMThread [stack: 0x00007f2ff308e000,0x00007f2ff318f000] [id=12795]
  0x00007f30180c2800 WatcherThread [stack: 0x00007f2ff255e000,0x00007f2ff265f000] [id=12803]

VM state:at safepoint (normal execution)

VM Mutex/Monitor currently owned by a thread:  ([mutex/lock_event])
[0x00007f3018006f30] Threads_lock - owner thread: 0x00007f3018078000
[0x00007f3018007430] Heap_lock - owner thread: 0x00007f2fad15c800

Heap:
 PSYoungGen      total 275968K, used 23022K [0x00000000e0000000, 0x00000000f2400000, 0x0000000100000000)
  eden space 252928K, 0% used [0x00000000e0000000,0x00000000e0000000,0x00000000ef700000)
  from space 23040K, 99% used [0x00000000ef700000,0x00000000f0d7bbf8,0x00000000f0d80000)
  to   space 18432K, 0% used [0x00000000f0e80000,0x00000000f0e80000,0x00000000f2080000)
 ParOldGen       total 94208K, used 23814K [0x00000000a0000000, 0x00000000a5c00000, 0x00000000e0000000)
  object space 94208K, 25% used [0x00000000a0000000,0x00000000a1741870,0x00000000a5c00000)
 Metaspace       used 57169K, capacity 58916K, committed 59028K, reserved 1099776K
  class space    used 7695K, capacity 8157K, committed 8192K, reserved 1048576K

Card table byte_map: [0x00007f3008305000,0x00007f3008606000] byte_map_base: 0x00007f3007e05000

Marking Bits: (ParMarkBitMap*) 0x00007f301de1c3e0
 Begin Bits: [0x00007f3004e02000, 0x00007f3006602000)
 End Bits:   [0x00007f3006602000, 0x00007f3007e02000)

Polling page: 0x00007f301ea70000

CodeCache: size=245760Kb used=22385Kb max_used=22386Kb free=223374Kb
 bounds [0x00007f30089c6000, 0x00007f3009fc6000, 0x00007f30179c6000]
 total_blobs=7450 nmethods=6682 adapters=681
 compilation: enabled

Compilation events (10 events):
Event: 129.294 Thread 0x00007f30180bd000 7827       3       com.sun.tools.javac.util.Context::checkState (13 bytes)
Event: 129.294 Thread 0x00007f30180bd000 nmethod 7827 0x00007f3009e01c50 code [0x00007f3009e01dc0, 0x00007f3009e01fe8]
Event: 129.324 Thread 0x00007f30180bd000 7828       3       com.sun.tools.javac.util.Names::fromString (9 bytes)
Event: 129.324 Thread 0x00007f30180bd000 nmethod 7828 0x00007f3008bd0410 code [0x00007f3008bd05a0, 0x00007f3008bd0ab8]
Event: 129.324 Thread 0x00007f30180bd000 7829       3       com.sun.tools.javac.util.UnsharedNameTable::fromChars (28 bytes)
Event: 129.324 Thread 0x00007f30180bd000 nmethod 7829 0x00007f3008bcff10 code [0x00007f3008bd00a0, 0x00007f3008bd0318]
Event: 129.325 Thread 0x00007f30180bd000 7830       1       com.sun.tools.javac.util.UnsharedNameTable$NameImpl::getIndex (5 bytes)
Event: 129.325 Thread 0x00007f30180bd000 nmethod 7830 0x00007f3008bcfc50 code [0x00007f3008bcfda0, 0x00007f3008bcfeb0]
Event: 129.326 Thread 0x00007f30180bd000 7831       3       com.sun.tools.javac.util.Context::uncheckedCast (2 bytes)
Event: 129.326 Thread 0x00007f30180bd000 nmethod 7831 0x00007f3008bcf950 code [0x00007f3008bcfaa0, 0x00007f3008bcfbd0]

GC Heap History (10 events):
Event: 18.784 GC heap after
Heap after GC invocations=6 (full 1):
 PSYoungGen      total 127488K, used 4592K [0x00000000e0000000, 0x00000000ec980000, 0x0000000100000000)
  eden space 122880K, 0% used [0x00000000e0000000,0x00000000e0000000,0x00000000e7800000)
  from space 4608K, 99% used [0x00000000e7800000,0x00000000e7c7c020,0x00000000e7c80000)
  to   space 14336K, 0% used [0x00000000ebb80000,0x00000000ebb80000,0x00000000ec980000)
 ParOldGen       total 60928K, used 13362K [0x00000000a0000000, 0x00000000a3b80000, 0x00000000e0000000)
  object space 60928K, 21% used [0x00000000a0000000,0x00000000a0d0ca48,0x00000000a3b80000)
 Metaspace       used 29881K, capacity 30474K, committed 30720K, reserved 1075200K
  class space    used 4087K, capacity 4286K, committed 4352K, reserved 1048576K
}
Event: 23.908 GC heap before
{Heap before GC invocations=7 (full 1):
 PSYoungGen      total 127488K, used 69746K [0x00000000e0000000, 0x00000000ec980000, 0x0000000100000000)
  eden space 122880K, 53% used [0x00000000e0000000,0x00000000e3fa0b70,0x00000000e7800000)
  from space 4608K, 99% used [0x00000000e7800000,0x00000000e7c7c020,0x00000000e7c80000)
  to   space 14336K, 0% used [0x00000000ebb80000,0x00000000ebb80000,0x00000000ec980000)
 ParOldGen       total 60928K, used 13362K [0x00000000a0000000, 0x00000000a3b80000, 0x00000000e0000000)
  object space 60928K, 21% used [0x00000000a0000000,0x00000000a0d0ca48,0x00000000a3b80000)
 Metaspace       used 34593K, capacity 35192K, committed 35416K, reserved 1079296K
  class space    used 4698K, capacity 4930K, committed 4992K, reserved 1048576K
Event: 23.923 GC heap after
Heap after GC invocations=7 (full 1):
 PSYoungGen      total 180224K, used 9625K [0x00000000e0000000, 0x00000000ec500000, 0x0000000100000000)
  eden space 170496K, 0% used [0x00000000e0000000,0x00000000e0000000,0x00000000ea680000)
  from space 9728K, 98% used [0x00000000ebb80000,0x00000000ec4e6630,0x00000000ec500000)
  to   space 14336K, 0% used [0x00000000ea900000,0x00000000ea900000,0x00000000eb700000)
 ParOldGen       total 60928K, used 13434K [0x00000000a0000000, 0x00000000a3b80000, 0x00000000e0000000)
  object space 60928K, 22% used [0x00000000a0000000,0x00000000a0d1ea58,0x00000000a3b80000)
 Metaspace       used 34593K, capacity 35192K, committed 35416K, reserved 1079296K
  class space    used 4698K, capacity 4930K, committed 4992K, reserved 1048576K
}
Event: 23.923 GC heap before
{Heap before GC invocations=8 (full 2):
 PSYoungGen      total 180224K, used 9625K [0x00000000e0000000, 0x00000000ec500000, 0x0000000100000000)
  eden space 170496K, 0% used [0x00000000e0000000,0x00000000e0000000,0x00000000ea680000)
  from space 9728K, 98% used [0x00000000ebb80000,0x00000000ec4e6630,0x00000000ec500000)
  to   space 14336K, 0% used [0x00000000ea900000,0x00000000ea900000,0x00000000eb700000)
 ParOldGen       total 60928K, used 13434K [0x00000000a0000000, 0x00000000a3b80000, 0x00000000e0000000)
  object space 60928K, 22% used [0x00000000a0000000,0x00000000a0d1ea58,0x00000000a3b80000)
 Metaspace       used 34593K, capacity 35192K, committed 35416K, reserved 1079296K
  class space    used 4698K, capacity 4930K, committed 4992K, reserved 1048576K
Event: 23.967 GC heap after
Heap after GC invocations=8 (full 2):
 PSYoungGen      total 180224K, used 0K [0x00000000e0000000, 0x00000000ec500000, 0x0000000100000000)
  eden space 170496K, 0% used [0x00000000e0000000,0x00000000e0000000,0x00000000ea680000)
  from space 9728K, 0% used [0x00000000ebb80000,0x00000000ebb80000,0x00000000ec500000)
  to   space 14336K, 0% used [0x00000000ea900000,0x00000000ea900000,0x00000000eb700000)
 ParOldGen       total 94208K, used 16258K [0x00000000a0000000, 0x00000000a5c00000, 0x00000000e0000000)
  object space 94208K, 17% used [0x00000000a0000000,0x00000000a0fe0ac0,0x00000000a5c00000)
 Metaspace       used 34593K, capacity 35192K, committed 35416K, reserved 1079296K
  class space    used 4698K, capacity 4930K, committed 4992K, reserved 1048576K
}
Event: 29.321 GC heap before
{Heap before GC invocations=9 (full 2):
 PSYoungGen      total 180224K, used 170496K [0x00000000e0000000, 0x00000000ec500000, 0x0000000100000000)
  eden space 170496K, 100% used [0x00000000e0000000,0x00000000ea680000,0x00000000ea680000)
  from space 9728K, 0% used [0x00000000ebb80000,0x00000000ebb80000,0x00000000ec500000)
  to   space 14336K, 0% used [0x00000000ea900000,0x00000000ea900000,0x00000000eb700000)
 ParOldGen       total 94208K, used 16258K [0x00000000a0000000, 0x00000000a5c00000, 0x00000000e0000000)
  object space 94208K, 17% used [0x00000000a0000000,0x00000000a0fe0ac0,0x00000000a5c00000)
 Metaspace       used 46484K, capacity 47512K, committed 47832K, reserved 1091584K
  class space    used 6230K, capacity 6537K, committed 6656K, reserved 1048576K
Event: 29.540 GC heap after
Heap after GC invocations=9 (full 2):
 PSYoungGen      total 187392K, used 14315K [0x00000000e0000000, 0x00000000f2080000, 0x0000000100000000)
  eden space 173056K, 0% used [0x00000000e0000000,0x00000000e0000000,0x00000000ea900000)
  from space 14336K, 99% used [0x00000000ea900000,0x00000000eb6fae60,0x00000000eb700000)
  to   space 18432K, 0% used [0x00000000f0e80000,0x00000000f0e80000,0x00000000f2080000)
 ParOldGen       total 94208K, used 19435K [0x00000000a0000000, 0x00000000a5c00000, 0x00000000e0000000)
  object space 94208K, 20% used [0x00000000a0000000,0x00000000a12fafb0,0x00000000a5c00000)
 Metaspace       used 46484K, capacity 47512K, committed 47832K, reserved 1091584K
  class space    used 6230K, capacity 6537K, committed 6656K, reserved 1048576K
}
Event: 37.768 GC heap before
{Heap before GC invocations=10 (full 2):
 PSYoungGen      total 187392K, used 187371K [0x00000000e0000000, 0x00000000f2080000, 0x0000000100000000)
  eden space 173056K, 100% used [0x00000000e0000000,0x00000000ea900000,0x00000000ea900000)
  from space 14336K, 99% used [0x00000000ea900000,0x00000000eb6fae60,0x00000000eb700000)
  to   space 18432K, 0% used [0x00000000f0e80000,0x00000000f0e80000,0x00000000f2080000)
 ParOldGen       total 94208K, used 19435K [0x00000000a0000000, 0x00000000a5c00000, 0x00000000e0000000)
  object space 94208K, 20% used [0x00000000a0000000,0x00000000a12fafb0,0x00000000a5c00000)
 Metaspace       used 51722K, capacity 53394K, committed 53464K, reserved 1095680K
  class space    used 6975K, capacity 7420K, committed 7424K, reserved 1048576K
Event: 37.791 GC heap after
Heap after GC invocations=10 (full 2):
 PSYoungGen      total 271360K, used 18406K [0x00000000e0000000, 0x00000000f2400000, 0x0000000100000000)
  eden space 252928K, 0% used [0x00000000e0000000,0x00000000e0000000,0x00000000ef700000)
  from space 18432K, 99% used [0x00000000f0e80000,0x00000000f2079ba8,0x00000000f2080000)
  to   space 23040K, 0% used [0x00000000ef700000,0x00000000ef700000,0x00000000f0d80000)
 ParOldGen       total 94208K, used 23319K [0x00000000a0000000, 0x00000000a5c00000, 0x00000000e0000000)
  object space 94208K, 24% used [0x00000000a0000000,0x00000000a16c5e30,0x00000000a5c00000)
 Metaspace       used 51722K, capacity 53394K, committed 53464K, reserved 1095680K
  class space    used 6975K, capacity 7420K, committed 7424K, reserved 1048576K
}
Event: 129.341 GC heap before
{Heap before GC invocations=11 (full 2):
 PSYoungGen      total 271360K, used 136654K [0x00000000e0000000, 0x00000000f2400000, 0x0000000100000000)
  eden space 252928K, 46% used [0x00000000e0000000,0x00000000e7379fc8,0x00000000ef700000)
  from space 18432K, 99% used [0x00000000f0e80000,0x00000000f2079ba8,0x00000000f2080000)
  to   space 23040K, 0% used [0x00000000ef700000,0x00000000ef700000,0x00000000f0d80000)
 ParOldGen       total 94208K, used 23319K [0x00000000a0000000, 0x00000000a5c00000, 0x00000000e0000000)
  object space 94208K, 24% used [0x00000000a0000000,0x00000000a16c5e30,0x00000000a5c00000)
 Metaspace       used 57169K, capacity 58916K, committed 59028K, reserved 1099776K
  class space    used 7695K, capacity 8157K, committed 8192K, reserved 1048576K

Deoptimization events (10 events):
Event: 124.918 Thread 0x00007f2fad15c800 Uncommon trap: reason=class_check action=maybe_recompile pc=0x00007f3008bd96f8 method=java.lang.ClassLoader.checkPackageAccess(Ljava/lang/Class;Ljava/security/ProtectionDomain;)V @ 115
Event: 124.918 Thread 0x00007f2fad15c800 Uncommon trap: reason=class_check action=maybe_recompile pc=0x00007f3008bd96f8 method=java.lang.ClassLoader.checkPackageAccess(Ljava/lang/Class;Ljava/security/ProtectionDomain;)V @ 115
Event: 125.033 Thread 0x00007f2fad15c800 Uncommon trap: reason=class_check action=maybe_recompile pc=0x00007f3008bd96f8 method=java.lang.ClassLoader.checkPackageAccess(Ljava/lang/Class;Ljava/security/ProtectionDomain;)V @ 115
Event: 125.033 Thread 0x00007f2fad15c800 Uncommon trap: reason=class_check action=maybe_recompile pc=0x00007f3008bd96f8 method=java.lang.ClassLoader.checkPackageAccess(Ljava/lang/Class;Ljava/security/ProtectionDomain;)V @ 115
Event: 127.609 Thread 0x00007f2fad15c800 Uncommon trap: reason=class_check action=maybe_recompile pc=0x00007f30099dca7c method=java.util.regex.Matcher.search(I)Z @ 86
Event: 127.803 Thread 0x00007f2fad15c800 Uncommon trap: reason=class_check action=maybe_recompile pc=0x00007f30099dca7c method=java.util.regex.Matcher.search(I)Z @ 86
Event: 127.809 Thread 0x00007f2fad15c800 Uncommon trap: reason=class_check action=maybe_recompile pc=0x00007f30099dca7c method=java.util.regex.Matcher.search(I)Z @ 86
Event: 127.810 Thread 0x00007f2fad15c800 Uncommon trap: reason=class_check action=maybe_recompile pc=0x00007f30099dca7c method=java.util.regex.Matcher.search(I)Z @ 86
Event: 127.810 Thread 0x00007f2fad15c800 Uncommon trap: reason=class_check action=maybe_recompile pc=0x00007f3008eb1b2c method=java.util.regex.Matcher.search(I)Z @ 86
Event: 127.811 Thread 0x00007f2fad15c800 Uncommon trap: reason=class_check action=maybe_recompile pc=0x00007f30092e463c method=java.util.regex.Matcher.search(I)Z @ 86

Classes redefined (0 events):
No events

Internal exceptions (10 events):
Event: 88.352 Thread 0x00007f2fc0008000 Exception <a 'java/lang/NoSuchMethodError': <clinit>> (0x00000000e4cd7350) thrown at [/ssd/Android/AOSP-openjdk-git/jdk8u/hotspot/src/share/vm/prims/jni.cpp, line 1613]
Event: 88.585 Thread 0x00007f2fc0008000 Exception <a 'java/lang/NoSuchMethodError': <clinit>> (0x00000000e4ce1de0) thrown at [/ssd/Android/AOSP-openjdk-git/jdk8u/hotspot/src/share/vm/prims/jni.cpp, line 1613]
Event: 90.117 Thread 0x00007f2face8a800 Exception <a 'java/io/IOException'> (0x00000000e334d7b0) thrown at [/ssd/Android/AOSP-openjdk-git/jdk8u/hotspot/src/share/vm/prims/jni.cpp, line 709]
Event: 95.809 Thread 0x00007f2face8a800 Exception <a 'java/io/IOException'> (0x00000000e3358538) thrown at [/ssd/Android/AOSP-openjdk-git/jdk8u/hotspot/src/share/vm/prims/jni.cpp, line 709]
Event: 100.573 Thread 0x00007f2face8a800 Exception <a 'java/io/IOException'> (0x00000000e3360de0) thrown at [/ssd/Android/AOSP-openjdk-git/jdk8u/hotspot/src/share/vm/prims/jni.cpp, line 709]
Event: 105.539 Thread 0x00007f2face8a800 Exception <a 'java/io/IOException'> (0x00000000e522f918) thrown at [/ssd/Android/AOSP-openjdk-git/jdk8u/hotspot/src/share/vm/prims/jni.cpp, line 709]
Event: 109.916 Thread 0x00007f2face8a800 Exception <a 'java/io/IOException'> (0x00000000e52381c0) thrown at [/ssd/Android/AOSP-openjdk-git/jdk8u/hotspot/src/share/vm/prims/jni.cpp, line 709]
Event: 114.916 Thread 0x00007f2face8a800 Exception <a 'java/io/IOException'> (0x00000000e5240a68) thrown at [/ssd/Android/AOSP-openjdk-git/jdk8u/hotspot/src/share/vm/prims/jni.cpp, line 709]
Event: 120.083 Thread 0x00007f2face8a800 Exception <a 'java/io/IOException'> (0x00000000e5249310) thrown at [/ssd/Android/AOSP-openjdk-git/jdk8u/hotspot/src/share/vm/prims/jni.cpp, line 709]
Event: 124.916 Thread 0x00007f2face8a800 Exception <a 'java/io/IOException'> (0x00000000e5251bb8) thrown at [/ssd/Android/AOSP-openjdk-git/jdk8u/hotspot/src/share/vm/prims/jni.cpp, line 709]

Events (10 events):
Event: 129.329 loading class com/sun/tools/javac/jvm/UninitializedType done
Event: 129.329 loading class com/sun/tools/javac/jvm/Gen$1ComplexityScanner
Event: 129.329 loading class com/sun/tools/javac/jvm/Gen$1ComplexityScanner done
Event: 129.330 loading class com/sun/tools/javac/comp/Lower
Event: 129.330 loading class com/sun/tools/javac/comp/Lower done
Event: 129.332 loading class com/sun/tools/javac/comp/Lower$TreeBuilder
Event: 129.332 loading class com/sun/tools/javac/comp/Lower$TreeBuilder done
Event: 129.334 loading class com/sun/tools/javac/comp/Lower$1
Event: 129.334 loading class com/sun/tools/javac/comp/Lower$1 done
Event: 129.340 Executing VM operation: CollectForMetadataAllocation


Dynamic libraries:
00400000-00401000 r-xp 00000000 08:01 24117464                           /home/ca6/opt/android-studio/jre/bin/java
00600000-00601000 r--p 00000000 08:01 24117464                           /home/ca6/opt/android-studio/jre/bin/java
00601000-00602000 rw-p 00001000 08:01 24117464                           /home/ca6/opt/android-studio/jre/bin/java
014ba000-014db000 rw-p 00000000 00:00 0                                  [heap]
a0000000-a5c00000 rw-p 00000000 00:00 0 
a5c00000-e0000000 ---p 00000000 00:00 0 
e0000000-f2400000 rw-p 00000000 00:00 0 
f6e00000-100000000 ---p 00000000 00:00 0 
100000000-100800000 rw-p 00000000 00:00 0 
100800000-140000000 ---p 00000000 00:00 0 
7f2f80000000-7f2f80041000 rw-p 00000000 00:00 0 
7f2f80041000-7f2f84000000 ---p 00000000 00:00 0 
7f2f84000000-7f2f84021000 rw-p 00000000 00:00 0 
7f2f84021000-7f2f88000000 ---p 00000000 00:00 0 
7f2f88000000-7f2f88035000 rw-p 00000000 00:00 0 
7f2f88035000-7f2f8c000000 ---p 00000000 00:00 0 
7f2f8c000000-7f2f8c298000 rw-p 00000000 00:00 0 
7f2f8c298000-7f2f90000000 ---p 00000000 00:00 0 
7f2f90000000-7f2f90024000 rw-p 00000000 00:00 0 
7f2f90024000-7f2f94000000 ---p 00000000 00:00 0 
7f2f94000000-7f2f94021000 rw-p 00000000 00:00 0 
7f2f94021000-7f2f98000000 ---p 00000000 00:00 0 
7f2f999ed000-7f2f99b9c000 rw-p 00000000 00:00 0 
7f2f99b9c000-7f2f99bed000 ---p 00000000 00:00 0 
7f2f99bed000-7f2f99ded000 rw-p 00000000 00:00 0 
7f2f99ded000-7f2f99df0000 ---p 00000000 00:00 0 
7f2f99df0000-7f2f99eee000 rw-p 00000000 00:00 0 
7f2f99eee000-7f2f99ef1000 ---p 00000000 00:00 0 
7f2f99ef1000-7f2f99fef000 rw-p 00000000 00:00 0 
7f2f99fef000-7f2f99ff2000 ---p 00000000 00:00 0 
7f2f99ff2000-7f2f9a0f0000 rw-p 00000000 00:00 0 
7f2f9a0f0000-7f2f9a0f3000 ---p 00000000 00:00 0 
7f2f9a0f3000-7f2f9a1f1000 rw-p 00000000 00:00 0 
7f2f9a1f1000-7f2f9a1f4000 ---p 00000000 00:00 0 
7f2f9a1f4000-7f2f9a4f2000 rw-p 00000000 00:00 0 
7f2f9a4f2000-7f2f9a6f2000 rw-p 00000000 00:00 0 
7f2f9a6f2000-7f2f9a8f2000 rw-p 00000000 00:00 0 
7f2f9a8f2000-7f2f9aaf2000 rw-p 00000000 00:00 0 
7f2f9aaf2000-7f2f9acf2000 rw-p 00000000 00:00 0 
7f2f9acf2000-7f2f9aef2000 rw-p 00000000 00:00 0 
7f2f9af7c000-7f2f9af8e000 r--s 00345000 08:01 24117546                   /home/ca6/opt/android-studio/jre/jre/lib/resources.jar
7f2f9af8e000-7f2f9b18e000 rw-p 00000000 00:00 0 
7f2f9b18e000-7f2f9b191000 r--s 00015000 08:01 24117545                   /home/ca6/opt/android-studio/jre/jre/lib/jce.jar
7f2f9b191000-7f2f9b194000 ---p 00000000 00:00 0 
7f2f9b194000-7f2f9b292000 rw-p 00000000 00:00 0 
7f2f9b292000-7f2f9b295000 ---p 00000000 00:00 0 
7f2f9b295000-7f2f9b593000 rw-p 00000000 00:00 0 
7f2f9b593000-7f2f9b789000 rw-p 00000000 00:00 0 
7f2f9b789000-7f2f9b793000 ---p 00000000 00:00 0 
7f2f9b793000-7f2f9b79e000 r--s 00081000 08:01 1311260                    /home/ca6/.gradle/caches/jars-3/fc6e889a0f45cc9752787eb60f920103/trove4j-20160824.jar
7f2f9b79e000-7f2f9b821000 r--s 00758000 08:01 1311258                    /home/ca6/.gradle/caches/jars-3/b46ab84062ddfd52701cfe0a9718e764/intellij-core-26.0.1.jar
7f2f9b821000-7f2f9b827000 r--s 00033000 08:01 1311256                    /home/ca6/.gradle/caches/jars-3/f96c897d327ea500d64fe3af2833bd50/commons-codec-1.6.jar
7f2f9b827000-7f2f9b829000 r--s 0000d000 08:01 1311254                    /home/ca6/.gradle/caches/jars-3/ccc849edcf9fccd61ed937bf93ffe896/commons-logging-1.1.1.jar
7f2f9b829000-7f2f9b82f000 r--s 00032000 08:01 1311252                    /home/ca6/.gradle/caches/jars-3/72e344059d1923829968d0d38b0c3c72/httpcore-4.2.5.jar
7f2f9b82f000-7f2f9b830000 r--s 00004000 08:01 1311250                    /home/ca6/.gradle/caches/jars-3/3a4299d1ce3e273e7c03a9ccf5a1e333/annotations-12.0.jar
7f2f9b830000-7f2f9b831000 r--s 00000000 08:01 1311248                    /home/ca6/.gradle/caches/jars-3/0e2fbc3b8c56d2975eca90c524790c13/animal-sniffer-annotations-1.14.jar
7f2f9b831000-7f2f9b833000 r--s 00001000 08:01 1311246                    /home/ca6/.gradle/caches/jars-3/ad41f8f3ac67c0323ce9eb1c20c8dc3f/j2objc-annotations-1.1.jar
7f2f9b833000-7f2f9b834000 r--s 00002000 08:01 1311244                    /home/ca6/.gradle/caches/jars-3/9edb0f46b907c34c4718edabde6c791c/error_prone_annotations-2.0.18.jar
7f2f9b834000-7f2f9b837000 r--s 00006000 08:01 1311242                    /home/ca6/.gradle/caches/jars-3/b58a9bc3bbba42132e4abc0bacae8da1/jsr305-1.3.9.jar
7f2f9b837000-7f2f9b838000 r--s 0000a000 08:01 1311240                    /home/ca6/.gradle/caches/jars-3/5b8b36ed61fe92731031cca3c9b3a0b3/kxml2-2.3.0.jar
7f2f9b838000-7f2f9b83a000 r--s 00005000 08:01 1311238                    /home/ca6/.gradle/caches/jars-3/f10e1e1978816198f2eb1189c974b440/httpmime-4.1.jar
7f2f9b83a000-7f2f9b844000 r--s 00061000 08:01 1311236                    /home/ca6/.gradle/caches/jars-3/bc4b2527f35dc983f759e8f85f3f8d52/httpclient-4.2.6.jar
7f2f9b844000-7f2f9b84d000 r--s 00064000 08:01 1311234                    /home/ca6/.gradle/caches/jars-3/fc37c717528c2a0d27f3e3621835f781/commons-compress-1.12.jar
7f2f9b84d000-7f2f9b852000 r--s 0002e000 08:01 1311232                    /home/ca6/.gradle/caches/jars-3/c5bcda7f6f4809e9c92270f99e51f154/gson-2.3.jar
7f2f9b852000-7f2f9b862000 r--s 000d6000 08:01 1311230                    /home/ca6/.gradle/caches/jars-3/dbdb8caed2514263a34702cc763c6785/proguard-base-5.3.3.jar
7f2f9b862000-7f2f9b864000 r--s 00003000 08:01 1311228                    /home/ca6/.gradle/caches/jars-3/01ab8600ebbfdcaf9b89b45c2b992e82/annotations-13.0.jar
7f2f9b864000-7f2f9b865000 r--s 00001000 08:01 1311226                    /home/ca6/.gradle/caches/jars-3/dccac9b7f67766e57200b1770178f61c/annotations-26.0.1.jar
7f2f9b865000-7f2f9b868000 r--s 00033000 08:01 1311224                    /home/ca6/.gradle/caches/jars-3/0ce03714647bf7bd3c78634c20ddbf38/juniversalchardet-1.0.3.jar
7f2f9b868000-7f2f9b86c000 r--s 0002a000 08:01 1311222                    /home/ca6/.gradle/caches/jars-3/9849af6d4b0409ba64061601342f385d/commons-io-2.4.jar
7f2f9b86c000-7f2f9b883000 r--s 00154000 08:01 1311220                    /home/ca6/.gradle/caches/jars-3/57adf9abd30c921d4ea1dfdcfe7b9efd/antlr4-4.5.3.jar
7f2f9b883000-7f2f9b884000 r--s 00003000 08:01 1311218                    /home/ca6/.gradle/caches/jars-3/54a15dd332fd4c2e246ad396835dc0d2/baseLibrary-3.0.1.jar
7f2f9b884000-7f2f9b8b4000 r--s 00245000 08:01 1311216                    /home/ca6/.gradle/caches/jars-3/8e27cdebb49ba2f804f9403d90aaaac5/guava-22.0.jar
7f2f9b8b4000-7f2f9b8bc000 r--s 000a8000 08:01 1311214                    /home/ca6/.gradle/caches/jars-3/6cc57ce9ec0d90186f781694264d61bc/lombok-ast-0.2.3.jar
7f2f9b8bc000-7f2f9b8c0000 r--s 0002f000 08:01 1311212                    /home/ca6/.gradle/caches/jars-3/505fcc8c47da308b2f1262f0ff3c65f1/jimfs-1.1.jar
7f2f9b8c0000-7f2f9b8d3000 r--s 00241000 08:01 1311210                    /home/ca6/.gradle/caches/jars-3/d8dc71eb6d91c966c45f7b594129e14a/ecj-4.6.1.jar
7f2f9b8d3000-7f2f9b8d4000 r--s 00003000 08:01 1311208                    /home/ca6/.gradle/caches/jars-3/fdb8f5ebd6a086c4818336712b830716/json-simple-1.1.jar
7f2f9b8d4000-7f2f9b9f9000 r--s 00f5d000 08:01 1311206                    /home/ca6/.gradle/caches/jars-3/dfd566a90e18a0aa75879c33e0731ab8/fastutil-7.2.0.jar
7f2f9b9f9000-7f2f9ba44000 r--s 002ff000 08:01 1311204                    /home/ca6/.gradle/caches/jars-3/d3d44e9a7fcb4a86fb40775c385dd3d0/bcprov-jdk15on-1.56.jar
7f2f9ba44000-7f2f9ba55000 r--s 00097000 08:01 1311202                    /home/ca6/.gradle/caches/jars-3/59ebb77d99c5ca0e24bb23272e0329dd/bcpkix-jdk15on-1.56.jar
7f2f9ba55000-7f2f9ba57000 r--s 00002000 08:01 1311200                    /home/ca6/.gradle/caches/jars-3/f268e5e8fc83bb846ac355d6a16b1f30/javawriter-2.5.0.jar
7f2f9ba57000-7f2f9ba5c000 r--s 0003b000 08:01 1311198                    /home/ca6/.gradle/caches/jars-3/91bf67441f6ac57ccbb374f99f9ed0fc/apksig-3.0.1.jar
7f2f9ba5c000-7f2f9ba5f000 r--s 00024000 08:01 1311196                    /home/ca6/.gradle/caches/jars-3/04183dcd1bde85515b23d1bbd46ea9bc/common-26.0.1.jar
7f2f9ba5f000-7f2f9ba61000 r--s 00006000 08:01 1311194                    /home/ca6/.gradle/caches/jars-3/a0ea702af2bdb16dfa1a50969b155dea/dvlib-26.0.1.jar
7f2f9ba61000-7f2f9ba64000 r--s 00014000 08:01 1311192                    /home/ca6/.gradle/caches/jars-3/6abb718b4b844aa0386163f0c2f6eb72/layoutlib-api-26.0.1.jar
7f2f9ba64000-7f2f9ba69000 r--s 0004d000 08:01 1311190                    /home/ca6/.gradle/caches/jars-3/65a80584522712b8832b7c1c03186c4b/ddmlib-26.0.1.jar
7f2f9ba69000-7f2f9ba6a000 r--s 00003000 08:01 1311188                    /home/ca6/.gradle/caches/jars-3/af01854c900e4906a368ef59064a245d/builder-test-api-3.0.1.jar
7f2f9ba6a000-7f2f9ba6d000 r--s 00007000 08:01 1311186                    /home/ca6/.gradle/caches/jars-3/124ec36ab4edce0919b54d1123daa364/builder-model-3.0.1.jar
7f2f9ba6d000-7f2f9ba7c000 r--s 00130000 08:01 1311184                    /home/ca6/.gradle/caches/jars-3/72ba1443c6adcea1f6ba21e12f0bb0fc/protobuf-java-3.0.0.jar
7f2f9ba7c000-7f2f9ba8f000 r--s 001a8000 08:01 1311182                    /home/ca6/.gradle/caches/jars-3/a1cbdfb97e256e71fcbd29dc4584a785/protos-26.0.1.jar
7f2f9ba8f000-7f2f9ba90000 r--s 00005000 08:01 1311180                    /home/ca6/.gradle/caches/jars-3/ca5180624b528b15325a5d002dbfbb6d/shared-26.0.1.jar
7f2f9ba90000-7f2f9ba92000 r--s 00004000 08:01 1311178                    /home/ca6/.gradle/caches/jars-3/07f12c2b6f66ca8d4d6bd02e9c9b060a/tracker-26.0.1.jar
7f2f9ba92000-7f2f9ba94000 r--s 00002000 08:01 1311176                    /home/ca6/.gradle/caches/jars-3/e91624d2ed1c3b55eec9fd768ed13c1d/proguard-gradle-5.3.3.jar
7f2f9ba94000-7f2f9ba96000 r--s 0000f000 08:01 1311174                    /home/ca6/.gradle/caches/jars-3/96760c32d36a5d7066e3ccf088bfd362/jopt-simple-4.9.jar
7f2f9ba96000-7f2f9ba9a000 r--s 0001e000 08:01 1311172                    /home/ca6/.gradle/caches/jars-3/0d3e95aba631209a078aeec58a76633d/org.jacoco.core-0.7.4.201502262128.jar
7f2f9ba9a000-7f2f9ba9d000 r--s 00020000 08:01 1311170                    /home/ca6/.gradle/caches/jars-3/c72fc284d34f39eab57a4e3ba83405e9/org.jacoco.report-0.7.4.201502262128.jar
7f2f9ba9d000-7f2f9ba9f000 r--s 0000c000 08:01 1311168                    /home/ca6/.gradle/caches/jars-3/9b0a36633c92c6e87e62c81734593183/asm-5.1.jar
7f2f9ba9f000-7f2f9baa1000 r--s 00006000 08:01 1311166                    /home/ca6/.gradle/caches/jars-3/50c8a7da333c41693b2b7ce95b6d9d89/asm-tree-5.1.jar
7f2f9baa1000-7f2f9baa2000 r--s 0000a000 08:01 1311164                    /home/ca6/.gradle/caches/jars-3/c4f1f1d5a624f981d35a78d181e2c418/asm-util-5.1.jar
7f2f9baa2000-7f2f9bab1000 r--s 000c8000 08:01 1311156                    /home/ca6/.gradle/caches/jars-3/af931fae44e009148423077fa09abbd1/kotlin-stdlib-1.1.3-2.jar
7f2f9bab1000-7f2f9bae3000 r--s 0021b000 08:01 1311154                    /home/ca6/.gradle/caches/jars-3/24b2127528a18b338af82ff7ea236d45/kotlin-reflect-1.1.3-2.jar
7f2f9bae3000-7f2f9baee000 r--s 0009b000 08:01 1311150                    /home/ca6/.gradle/caches/jars-3/af771564c510a1c104220a8be892ab2d/sdklib-26.0.1.jar
7f2f9baee000-7f2f9bafd000 r--s 000da000 08:01 1311148                    /home/ca6/.gradle/caches/jars-3/50767da85151ce151711c301f4a0623c/sdk-common-26.0.1.jar
7f2f9bafd000-7f2f9bcfd000 rw-p 00000000 00:00 0 
7f2f9bcfd000-7f2f9bd00000 ---p 00000000 00:00 0 
7f2f9bd00000-7f2f9bdfe000 rw-p 00000000 00:00 0 
7f2f9bdfe000-7f2f9be01000 ---p 00000000 00:00 0 
7f2f9be01000-7f2f9beff000 rw-p 00000000 00:00 0 
7f2f9beff000-7f2f9bf02000 ---p 00000000 00:00 0 
7f2f9bf02000-7f2f9c000000 rw-p 00000000 00:00 0 
7f2f9c000000-7f2f9c021000 rw-p 00000000 00:00 0 
7f2f9c021000-7f2fa0000000 ---p 00000000 00:00 0 
7f2fa0000000-7f2fa0021000 rw-p 00000000 00:00 0 
7f2fa0021000-7f2fa4000000 ---p 00000000 00:00 0 
7f2fa4000000-7f2fa4021000 rw-p 00000000 00:00 0 
7f2fa4021000-7f2fa8000000 ---p 00000000 00:00 0 
7f2fa8000000-7f2fa8023000 rw-p 00000000 00:00 0 
7f2fa8023000-7f2fac000000 ---p 00000000 00:00 0 
7f2fac000000-7f2fad75e000 rw-p 00000000 00:00 0 
7f2fad75e000-7f2fb0000000 ---p 00000000 00:00 0 
7f2fb0000000-7f2fb027e000 rw-p 00000000 00:00 0 
7f2fb027e000-7f2fb4000000 ---p 00000000 00:00 0 
7f2fb4000000-7f2fb4061000 rw-p 00000000 00:00 0 
7f2fb4061000-7f2fb8000000 ---p 00000000 00:00 0 
7f2fb8000000-7f2fb8021000 rw-p 00000000 00:00 0 
7f2fb8021000-7f2fbc000000 ---p 00000000 00:00 0 
7f2fbc000000-7f2fbc021000 rw-p 00000000 00:00 0 
7f2fbc021000-7f2fc0000000 ---p 00000000 00:00 0 
7f2fc0000000-7f2fc0021000 rw-p 00000000 00:00 0 
7f2fc0021000-7f2fc4000000 ---p 00000000 00:00 0 
7f2fc4000000-7f2fc4078000 rw-p 00000000 00:00 0 
7f2fc4078000-7f2fc8000000 ---p 00000000 00:00 0 
7f2fc8000000-7f2fc8002000 r--s 0000a000 08:01 1311162                    /home/ca6/.gradle/caches/jars-3/d37aa405961c464c627b1efe5def81b8/asm-commons-5.1.jar
7f2fc8002000-7f2fc8003000 r--s 00004000 08:01 1311160                    /home/ca6/.gradle/caches/jars-3/2b2689d10a4425b1cb2d0654db2ea088/asm-analysis-5.1.jar
7f2fc8003000-7f2fc8004000 r--s 00000000 08:01 1311158                    /home/ca6/.gradle/caches/jars-3/5206138fb8a6b2ffbd31e140916c2100/transform-api-2.0.0-deprecated-use-gradle-api.jar
7f2fc8004000-7f2fc800a000 r--s 00030000 08:01 1311152                    /home/ca6/.gradle/caches/jars-3/90ec49f8b88710e2876aefe447609abb/repository-26.0.1.jar
7f2fc800a000-7f2fc800e000 r--s 00023000 08:01 1311146                    /home/ca6/.gradle/caches/jars-3/186e268c3a12c0a405d658dabf9d64d2/manifest-merger-26.0.1.jar
7f2fc800e000-7f2fc8012000 r--s 0002e000 08:01 1311144                    /home/ca6/.gradle/caches/jars-3/c519ce7b2f3637e909703f541c08c445/compilerCommon-3.0.1.jar
7f2fc8012000-7f2fc8014000 r--s 00003000 08:01 1311142                    /home/ca6/.gradle/caches/jars-3/34cfdbf6cad3f54cc2f45521bf0374e7/gradle-api-3.0.1.jar
7f2fc8014000-7f2fc8023000 r--s 000cb000 08:01 1311140                    /home/ca6/.gradle/caches/jars-3/e5c09abb4b0acf0785ecd8a8015ab959/uast-26.0.1.jar
7f2fc8023000-7f2fc802a000 r--s 0007f000 08:01 1311138                    /home/ca6/.gradle/caches/jars-3/b1f5a73634581e955e7f89376aea2d48/lint-api-26.0.1.jar
7f2fc802a000-7f2fc8033000 r--s 000ff000 08:01 1311136                    /home/ca6/.gradle/caches/jars-3/75e696a5531ca85e1fe447df83f74bd2/lint-checks-26.0.1.jar
7f2fc8033000-7f2fc8036000 r--s 00039000 08:01 1311134                    /home/ca6/.gradle/caches/jars-3/7fa6c4fcdd1d81db4cc9c7439ce29486/lint-26.0.1.jar
7f2fc8036000-7f2fc8066000 r--s 01983000 08:01 1311132                    /home/ca6/.gradle/caches/jars-3/add7f1627b730db059119a8274a10c21/builder-3.0.1.jar
7f2fc8066000-7f2fc8089000 r--s 0020b000 08:01 1311130                    /home/ca6/.gradle/caches/jars-3/4adae2b762c8552c6e3aa2ded1493e4b/gradle-core-3.0.1.jar
7f2fc8089000-7f2fc808b000 r--s 00007000 08:01 23209305                   /home/ca6/.gradle/caches/modules-2/files-2.1/com.google.gms/google-services/3.1.0/166ae4e6acd03b7bbebe221ffa54bc039fece1b9/google-services-3.1.0.jar
7f2fc808b000-7f2fc808e000 ---p 00000000 00:00 0 
7f2fc808e000-7f2fc838c000 rw-p 00000000 00:00 0 
7f2fc838c000-7f2fc838f000 ---p 00000000 00:00 0 
7f2fc838f000-7f2fc868d000 rw-p 00000000 00:00 0 
7f2fc868d000-7f2fc888d000 rw-p 00000000 00:00 0 
7f2fc888d000-7f2fc8a8d000 rw-p 00000000 00:00 0 
7f2fc8a8d000-7f2fc8c8d000 rw-p 00000000 00:00 0 
7f2fc8c8d000-7f2fc8e8d000 rw-p 00000000 00:00 0 
7f2fc8e8d000-7f2fc8fa8000 r--s 02008000 08:01 1575944                    /home/ca6/.gradle/caches/jars-3/9955734f77abc673a38c7cd4c0214af5/android.jar
7f2fc8fa8000-7f2fc8faf000 r--s 0002a000 08:01 397601                     /home/ca6/.gradle/caches/jars-3/fff47aec37b967e571b648d1fc9c6db6/gradle-messaging-3.5.jar
7f2fc8faf000-7f2fc8fb4000 r--s 00041000 08:01 264521                     /home/ca6/.gradle/caches/jars-3/c0502f5c2cf6dfd52d250e1b7d027d24/commons-lang-2.6.jar
7f2fc8fb4000-7f2fc8ff6000 r--s 00220000 08:01 264519                     /home/ca6/.gradle/caches/jars-3/929747bc6b973b44297e9c57df71598d/gradle-core-3.5.jar
7f2fc8ff6000-7f2fc8fff000 r--s 00047000 08:01 264517                     /home/ca6/.gradle/caches/jars-3/11d06a5dce89fe5632250b7df00a3d57/gradle-base-services-3.5.jar
7f2fc8fff000-7f2fcc000000 rw-p 00000000 00:00 0 
7f2fcc000000-7f2fcc021000 rw-p 00000000 00:00 0 
7f2fcc021000-7f2fd0000000 ---p 00000000 00:00 0 
7f2fd0000000-7f2fd0021000 rw-p 00000000 00:00 0 
7f2fd0021000-7f2fd4000000 ---p 00000000 00:00 0 
7f2fd4000000-7f2fd6479000 rw-p 00000000 00:00 0 
7f2fd6479000-7f2fd8000000 ---p 00000000 00:00 0 
7f2fd8000000-7f2fd8a75000 rw-p 00000000 00:00 0 
7f2fd8a75000-7f2fdc000000 ---p 00000000 00:00 0 
7f2fdc000000-7f2fdc021000 rw-p 00000000 00:00 0 
7f2fdc021000-7f2fe0000000 ---p 00000000 00:00 0 
7f2fe0000000-7f2fe1f16000 rw-p 00000000 00:00 0 
7f2fe1f16000-7f2fe4000000 ---p 00000000 00:00 0 
7f2fe4000000-7f2fe4021000 rw-p 00000000 00:00 0 
7f2fe4021000-7f2fe8000000 ---p 00000000 00:00 0 
7f2fe8000000-7f2fe8021000 rw-p 00000000 00:00 0 
7f2fe8021000-7f2fec000000 ---p 00000000 00:00 0 
7f2fec000000-7f2fec2d9000 rw-p 00000000 00:00 0 
7f2fec2d9000-7f2ff0000000 ---p 00000000 00:00 0 
7f2ff0000000-7f2ff0002000 r--s 0000f000 08:01 1311128                    /home/ca6/.gradle/caches/jars-3/afd86a0d8507fd7f2e97461eaf9e4416/gradle-3.0.1.jar
7f2ff0002000-7f2ff002a000 r--s 001cf000 08:01 264515                     /home/ca6/.gradle/caches/jars-3/566e7e0f530f75a42eba4833ef84d88c/guava-jdk5-17.0.jar
7f2ff002a000-7f2ff0038000 r--s 00043000 08:01 264513                     /home/ca6/.gradle/caches/jars-3/c0d1da18a547ef3a2ba66d3068ae6e09/gradle-tooling-api-3.5.jar
7f2ff0038000-7f2ff00b1000 r--s 010fd000 08:01 24117517                   /home/ca6/opt/android-studio/jre/lib/tools.jar
7f2ff00b1000-7f2ff00b4000 ---p 00000000 00:00 0 
7f2ff00b4000-7f2ff03b2000 rw-p 00000000 00:00 0 
7f2ff03b2000-7f2ff03b5000 ---p 00000000 00:00 0 
7f2ff03b5000-7f2ff04b3000 rw-p 00000000 00:00 0 
7f2ff04b3000-7f2ff04b6000 ---p 00000000 00:00 0 
7f2ff04b6000-7f2ff07b4000 rw-p 00000000 00:00 0 
7f2ff07b4000-7f2ff07b7000 ---p 00000000 00:00 0 
7f2ff07b7000-7f2ff08b5000 rw-p 00000000 00:00 0 
7f2ff08b5000-7f2ff08b8000 ---p 00000000 00:00 0 
7f2ff08b8000-7f2ff09b6000 rw-p 00000000 00:00 0 
7f2ff09b6000-7f2ff09b9000 ---p 00000000 00:00 0 
7f2ff09b9000-7f2ff0ab7000 rw-p 00000000 00:00 0 
7f2ff0ab7000-7f2ff0aba000 ---p 00000000 00:00 0 
7f2ff0aba000-7f2ff0bb8000 rw-p 00000000 00:00 0 
7f2ff0bb8000-7f2ff0bbb000 ---p 00000000 00:00 0 
7f2ff0bbb000-7f2ff0cb9000 rw-p 00000000 00:00 0 
7f2ff0cb9000-7f2ff0cbc000 ---p 00000000 00:00 0 
7f2ff0cbc000-7f2ff0dba000 rw-p 00000000 00:00 0 
7f2ff0dba000-7f2ff0dbd000 ---p 00000000 00:00 0 
7f2ff0dbd000-7f2ff0ebb000 rw-p 00000000 00:00 0 
7f2ff0ebb000-7f2ff0ec2000 r--s 00000000 08:01 19145038                   /usr/lib/x86_64-linux-gnu/gconv/gconv-modules.cache
7f2ff0ec2000-7f2ff0ec5000 ---p 00000000 00:00 0 
7f2ff0ec5000-7f2ff0fc3000 rw-p 00000000 00:00 0 
7f2ff0fc3000-7f2ff0fc8000 r--s 0009a000 08:01 24117642                   /home/ca6/opt/android-studio/jre/jre/lib/jsse.jar
7f2ff0fc8000-7f2ff11c8000 rw-p 00000000 00:00 0 
7f2ff11c8000-7f2ff11d1000 r-xp 00000000 08:01 24117595                   /home/ca6/opt/android-studio/jre/jre/lib/amd64/libmanagement.so
7f2ff11d1000-7f2ff13d0000 ---p 00009000 08:01 24117595                   /home/ca6/opt/android-studio/jre/jre/lib/amd64/libmanagement.so
7f2ff13d0000-7f2ff13d1000 r--p 00008000 08:01 24117595                   /home/ca6/opt/android-studio/jre/jre/lib/amd64/libmanagement.so
7f2ff13d1000-7f2ff13d2000 rw-p 00009000 08:01 24117595                   /home/ca6/opt/android-studio/jre/jre/lib/amd64/libmanagement.so
7f2ff13d2000-7f2ff13d4000 r--s 00007000 08:01 397072                     /home/ca6/.gradle/wrapper/dists/gradle-4.1-all/bzyivzo6n839fup2jbap0tjew/gradle-4.1/lib/plugins/gradle-tooling-api-builders-4.1.jar
7f2ff13d4000-7f2ff13d7000 r--s 00009000 08:01 397082                     /home/ca6/.gradle/wrapper/dists/gradle-4.1-all/bzyivzo6n839fup2jbap0tjew/gradle-4.1/lib/plugins/gradle-testing-native-4.1.jar
7f2ff13d7000-7f2ff13d9000 r--s 00009000 08:01 397155                     /home/ca6/.gradle/wrapper/dists/gradle-4.1-all/bzyivzo6n839fup2jbap0tjew/gradle-4.1/lib/plugins/hamcrest-core-1.3.jar
7f2ff13d9000-7f2ff13de000 r--s 00040000 08:01 397150                     /home/ca6/.gradle/wrapper/dists/gradle-4.1-all/bzyivzo6n839fup2jbap0tjew/gradle-4.1/lib/plugins/bsh-2.0b4.jar
7f2ff13de000-7f2ff13e0000 r--s 00006000 08:01 397151                     /home/ca6/.gradle/wrapper/dists/gradle-4.1-all/bzyivzo6n839fup2jbap0tjew/gradle-4.1/lib/plugins/jcommander-1.12.jar
7f2ff13e0000-7f2ff13e6000 r--s 00033000 08:01 397152                     /home/ca6/.gradle/wrapper/dists/gradle-4.1-all/bzyivzo6n839fup2jbap0tjew/gradle-4.1/lib/plugins/snakeyaml-1.6.jar
7f2ff13e6000-7f2ff13ef000 r--s 00089000 08:01 397110                     /home/ca6/.gradle/wrapper/dists/gradle-4.1-all/bzyivzo6n839fup2jbap0tjew/gradle-4.1/lib/plugins/testng-6.3.1.jar
7f2ff13ef000-7f2ff13f7000 r--s 00045000 08:01 397111                     /home/ca6/.gradle/wrapper/dists/gradle-4.1-all/bzyivzo6n839fup2jbap0tjew/gradle-4.1/lib/plugins/junit-4.12.jar
7f2ff13f7000-7f2ff13fd000 r--s 0002e000 08:01 397078                     /home/ca6/.gradle/wrapper/dists/gradle-4.1-all/bzyivzo6n839fup2jbap0tjew/gradle-4.1/lib/plugins/gradle-testing-jvm-4.1.jar
7f2ff13fd000-7f2ff1401000 r--s 00017000 08:01 397086                     /home/ca6/.gradle/wrapper/dists/gradle-4.1-all/bzyivzo6n839fup2jbap0tjew/gradle-4.1/lib/plugins/gradle-testing-base-4.1.jar
7f2ff1401000-7f2ff1408000 r--s 00038000 08:01 397106                     /home/ca6/.gradle/wrapper/dists/gradle-4.1-all/bzyivzo6n839fup2jbap0tjew/gradle-4.1/lib/plugins/bcpg-jdk15on-1.51.jar
7f2ff1408000-7f2ff140a000 r--s 0000c000 08:01 397057                     /home/ca6/.gradle/wrapper/dists/gradle-4.1-all/bzyivzo6n839fup2jbap0tjew/gradle-4.1/lib/plugins/gradle-signing-4.1.jar
7f2ff140a000-7f2ff140c000 r--s 00007000 08:01 397063                     /home/ca6/.gradle/wrapper/dists/gradle-4.1-all/bzyivzo6n839fup2jbap0tjew/gradle-4.1/lib/plugins/gradle-scala-4.1.jar
7f2ff140c000-7f2ff140d000 r--s 00004000 08:01 397094                     /home/ca6/.gradle/wrapper/dists/gradle-4.1-all/bzyivzo6n839fup2jbap0tjew/gradle-4.1/lib/plugins/gradle-resources-sftp-4.1.jar
7f2ff140d000-7f2ff141d000 r--s 00088000 08:01 397123                     /home/ca6/.gradle/wrapper/dists/gradle-4.1-all/bzyivzo6n839fup2jbap0tjew/gradle-4.1/lib/plugins/joda-time-2.8.2.jar
7f2ff141d000-7f2ff142e000 r--s 0010d000 08:01 397122                     /home/ca6/.gradle/wrapper/dists/gradle-4.1-all/bzyivzo6n839fup2jbap0tjew/gradle-4.1/lib/plugins/jackson-databind-2.6.6.jar
7f2ff142e000-7f2ff1431000 r--s 00009000 08:01 397121                     /home/ca6/.gradle/wrapper/dists/gradle-4.1-all/bzyivzo6n839fup2jbap0tjew/gradle-4.1/lib/plugins/jackson-annotations-2.6.6.jar
7f2ff1431000-7f2ff1435000 r--s 0003c000 08:01 397120                     /home/ca6/.gradle/wrapper/dists/gradle-4.1-all/bzyivzo6n839fup2jbap0tjew/gradle-4.1/lib/plugins/jackson-core-2.6.6.jar
7f2ff1435000-7f2ff1443000 r--s 00087000 08:01 397119                     /home/ca6/.gradle/wrapper/dists/gradle-4.1-all/bzyivzo6n839fup2jbap0tjew/gradle-4.1/lib/plugins/aws-java-sdk-core-1.11.6.jar
7f2ff1443000-7f2ff144a000 r--s 00057000 08:01 397118                     /home/ca6/.gradle/wrapper/dists/gradle-4.1-all/bzyivzo6n839fup2jbap0tjew/gradle-4.1/lib/plugins/aws-java-sdk-kms-1.11.6.jar
7f2ff144a000-7f2ff1457000 r--s 0008e000 08:01 397117                     /home/ca6/.gradle/wrapper/dists/gradle-4.1-all/bzyivzo6n839fup2jbap0tjew/gradle-4.1/lib/plugins/aws-java-sdk-s3-1.11.6.jar
7f2ff1457000-7f2ff1459000 r--s 00004000 08:01 397091                     /home/ca6/.gradle/wrapper/dists/gradle-4.1-all/bzyivzo6n839fup2jbap0tjew/gradle-4.1/lib/plugins/gradle-resources-s3-4.1.jar
7f2ff1459000-7f2ff145b000 r--s 00010000 08:01 397087                     /home/ca6/.gradle/wrapper/dists/gradle-4.1-all/bzyivzo6n839fup2jbap0tjew/gradle-4.1/lib/plugins/gradle-reporting-4.1.jar
7f2ff145b000-7f2ff145d000 r--s 00002000 08:01 397088                     /home/ca6/.gradle/wrapper/dists/gradle-4.1-all/bzyivzo6n839fup2jbap0tjew/gradle-4.1/lib/plugins/gradle-publish-4.1.jar
7f2ff145d000-7f2ff145f000 r--s 00009000 08:01 397099                     /home/ca6/.gradle/wrapper/dists/gradle-4.1-all/bzyivzo6n839fup2jbap0tjew/gradle-4.1/lib/plugins/commons-cli-1.2.jar
7f2ff145f000-7f2ff1465000 r--s 00036000 08:01 397071                     /home/ca6/.gradle/wrapper/dists/gradle-4.1-all/bzyivzo6n839fup2jbap0tjew/gradle-4.1/lib/plugins/gradle-plugins-4.1.jar
7f2ff1465000-7f2ff1467000 r--s 00009000 08:01 397058                     /home/ca6/.gradle/wrapper/dists/gradle-4.1-all/bzyivzo6n839fup2jbap0tjew/gradle-4.1/lib/plugins/gradle-plugin-development-4.1.jar
7f2ff1467000-7f2ff146d000 r--s 0002b000 08:01 397066                     /home/ca6/.gradle/wrapper/dists/gradle-4.1-all/bzyivzo6n839fup2jbap0tjew/gradle-4.1/lib/plugins/gradle-platform-play-4.1.jar
7f2ff146d000-7f2ff147c000 r--s 0005b000 08:01 397084                     /home/ca6/.gradle/wrapper/dists/gradle-4.1-all/bzyivzo6n839fup2jbap0tjew/gradle-4.1/lib/plugins/gradle-platform-native-4.1.jar
7f2ff147c000-7f2ff1480000 r--s 0001b000 08:01 397081                     /home/ca6/.gradle/wrapper/dists/gradle-4.1-all/bzyivzo6n839fup2jbap0tjew/gradle-4.1/lib/plugins/gradle-platform-jvm-4.1.jar
7f2ff1480000-7f2ff1488000 r--s 00027000 08:01 397089                     /home/ca6/.gradle/wrapper/dists/gradle-4.1-all/bzyivzo6n839fup2jbap0tjew/gradle-4.1/lib/plugins/gradle-platform-base-4.1.jar
7f2ff1488000-7f2ff14b0000 r--s 0021c000 08:01 397100                     /home/ca6/.gradle/wrapper/dists/gradle-4.1-all/bzyivzo6n839fup2jbap0tjew/gradle-4.1/lib/plugins/biz.aQute.bndlib-3.2.0.jar
7f2ff14b0000-7f2ff14b1000 r--s 00004000 08:01 397056                     /home/ca6/.gradle/wrapper/dists/gradle-4.1-all/bzyivzo6n839fup2jbap0tjew/gradle-4.1/lib/plugins/gradle-osgi-4.1.jar
7f2ff14b1000-7f2ff14b4000 r--s 0000c000 08:01 397103                     /home/ca6/.gradle/wrapper/dists/gradle-4.1-all/bzyivzo6n839fup2jbap0tjew/gradle-4.1/lib/plugins/pmaven-groovy-0.8-20100325.jar
7f2ff14b4000-7f2ff14b5000 r--s 00004000 08:01 397102                     /home/ca6/.gradle/wrapper/dists/gradle-4.1-all/bzyivzo6n839fup2jbap0tjew/gradle-4.1/lib/plugins/pmaven-common-0.8-20100325.jar
7f2ff14b5000-7f2ff14bb000 r--s 00023000 08:01 397059                     /home/ca6/.gradle/wrapper/dists/gradle-4.1-all/bzyivzo6n839fup2jbap0tjew/gradle-4.1/lib/plugins/gradle-maven-4.1.jar
7f2ff14bb000-7f2ff14be000 r--s 0000b000 08:01 397077                     /home/ca6/.gradle/wrapper/dists/gradle-4.1-all/bzyivzo6n839fup2jbap0tjew/gradle-4.1/lib/plugins/gradle-language-scala-4.1.jar
7f2ff14be000-7f2ff14c5000 r--s 00020000 08:01 397083                     /home/ca6/.gradle/wrapper/dists/gradle-4.1-all/bzyivzo6n839fup2jbap0tjew/gradle-4.1/lib/plugins/gradle-language-native-4.1.jar
7f2ff14c5000-7f2ff14c7000 r--s 00005000 08:01 397080                     /home/ca6/.gradle/wrapper/dists/gradle-4.1-all/bzyivzo6n839fup2jbap0tjew/gradle-4.1/lib/plugins/gradle-language-jvm-4.1.jar
7f2ff14c7000-7f2ff14ce000 r--s 0002f000 08:01 397079                     /home/ca6/.gradle/wrapper/dists/gradle-4.1-all/bzyivzo6n839fup2jbap0tjew/gradle-4.1/lib/plugins/gradle-language-java-4.1.jar
7f2ff14ce000-7f2ff14d1000 r--s 0000a000 08:01 397076                     /home/ca6/.gradle/wrapper/dists/gradle-4.1-all/bzyivzo6n839fup2jbap0tjew/gradle-4.1/lib/plugins/gradle-language-groovy-4.1.jar
7f2ff14d1000-7f2ff14d8000 r--s 00035000 08:01 397109                     /home/ca6/.gradle/wrapper/dists/gradle-4.1-all/bzyivzo6n839fup2jbap0tjew/gradle-4.1/lib/plugins/simple-4.1.21.jar
7f2ff14d8000-7f2ff14e4000 r--s 00100000 08:01 397107                     /home/ca6/.gradle/wrapper/dists/gradle-4.1-all/bzyivzo6n839fup2jbap0tjew/gradle-4.1/lib/plugins/rhino-1.7R3.jar
7f2ff14e4000-7f2ff14e8000 r--s 00012000 08:01 397067                     /home/ca6/.gradle/wrapper/dists/gradle-4.1-all/bzyivzo6n839fup2jbap0tjew/gradle-4.1/lib/plugins/gradle-javascript-4.1.jar
7f2ff14e8000-7f2ff14eb000 r--s 00011000 08:01 397069                     /home/ca6/.gradle/wrapper/dists/gradle-4.1-all/bzyivzo6n839fup2jbap0tjew/gradle-4.1/lib/plugins/gradle-jacoco-4.1.jar
7f2ff14eb000-7f2ff14ee000 r--s 0000e000 08:01 397068                     /home/ca6/.gradle/wrapper/dists/gradle-4.1-all/bzyivzo6n839fup2jbap0tjew/gradle-4.1/lib/plugins/gradle-ivy-4.1.jar
7f2ff14ee000-7f2ff14ef000 r--s 00002000 08:01 397060                     /home/ca6/.gradle/wrapper/dists/gradle-4.1-all/bzyivzo6n839fup2jbap0tjew/gradle-4.1/lib/plugins/gradle-ide-play-4.1.jar
7f2ff14ef000-7f2ff14f2000 r--s 00013000 08:01 397061                     /home/ca6/.gradle/wrapper/dists/gradle-4.1-all/bzyivzo6n839fup2jbap0tjew/gradle-4.1/lib/plugins/gradle-ide-native-4.1.jar
7f2ff14f2000-7f2ff14fc000 r--s 00054000 08:01 397062                     /home/ca6/.gradle/wrapper/dists/gradle-4.1-all/bzyivzo6n839fup2jbap0tjew/gradle-4.1/lib/plugins/gradle-ide-4.1.jar
7f2ff14fc000-7f2ff14fe000 r--s 00007000 08:01 397065                     /home/ca6/.gradle/wrapper/dists/gradle-4.1-all/bzyivzo6n839fup2jbap0tjew/gradle-4.1/lib/plugins/gradle-ear-4.1.jar
7f2ff14fe000-7f2ff1500000 r--s 00005000 08:01 397097                     /home/ca6/.gradle/wrapper/dists/gradle-4.1-all/bzyivzo6n839fup2jbap0tjew/gradle-4.1/lib/plugins/jatl-0.2.2.jar
7f2ff1500000-7f2ff1507000 r--s 00038000 08:01 397085                     /home/ca6/.gradle/wrapper/dists/gradle-4.1-all/bzyivzo6n839fup2jbap0tjew/gradle-4.1/lib/plugins/gradle-diagnostics-4.1.jar
7f2ff1507000-7f2ff1509000 r--s 0000b000 08:01 397074                     /home/ca6/.gradle/wrapper/dists/gradle-4.1-all/bzyivzo6n839fup2jbap0tjew/gradle-4.1/lib/plugins/gradle-composite-builds-4.1.jar
7f2ff1509000-7f2ff150e000 r--s 00025000 08:01 397054                     /home/ca6/.gradle/wrapper/dists/gradle-4.1-all/bzyivzo6n839fup2jbap0tjew/gradle-4.1/lib/plugins/gradle-code-quality-4.1.jar
7f2ff150e000-7f2ff1513000 r--s 00022000 08:01 397070                     /home/ca6/.gradle/wrapper/dists/gradle-4.1-all/bzyivzo6n839fup2jbap0tjew/gradle-4.1/lib/plugins/gradle-build-init-4.1.jar
7f2ff1513000-7f2ff1519000 r--s 0008e000 08:01 397064                     /home/ca6/.gradle/wrapper/dists/gradle-4.1-all/bzyivzo6n839fup2jbap0tjew/gradle-4.1/lib/plugins/gradle-build-comparison-4.1.jar
7f2ff1519000-7f2ff151a000 r--s 00002000 08:01 397092                     /home/ca6/.gradle/wrapper/dists/gradle-4.1-all/bzyivzo6n839fup2jbap0tjew/gradle-4.1/lib/plugins/gradle-build-cache-http-4.1.jar
7f2ff151a000-7f2ff151c000 r--s 00008000 08:01 397055                     /home/ca6/.gradle/wrapper/dists/gradle-4.1-all/bzyivzo6n839fup2jbap0tjew/gradle-4.1/lib/plugins/gradle-antlr-4.1.jar
7f2ff151c000-7f2ff151e000 r--s 00004000 08:01 397075                     /home/ca6/.gradle/wrapper/dists/gradle-4.1-all/bzyivzo6n839fup2jbap0tjew/gradle-4.1/lib/plugins/gradle-announce-4.1.jar
7f2ff151e000-7f2ff1520000 r--s 00008000 08:01 396995                     /home/ca6/.gradle/wrapper/dists/gradle-4.1-all/bzyivzo6n839fup2jbap0tjew/gradle-4.1/lib/gradle-kotlin-dsl-tooling-builders-0.10.3.jar
7f2ff1520000-7f2ff1523000 r--s 0001c000 08:01 397113                     /home/ca6/.gradle/wrapper/dists/gradle-4.1-all/bzyivzo6n839fup2jbap0tjew/gradle-4.1/lib/plugins/nekohtml-1.9.14.jar
7f2ff1523000-7f2ff152b000 r--s 00028000 08:01 397154                     /home/ca6/.gradle/wrapper/dists/gradle-4.1-all/bzyivzo6n839fup2jbap0tjew/gradle-4.1/lib/plugins/xml-apis-1.3.04.jar
7f2ff152b000-7f2ff1543000 r--s 00115000 08:01 397114                     /home/ca6/.gradle/wrapper/dists/gradle-4.1-all/bzyivzo6n839fup2jbap0tjew/gradle-4.1/lib/plugins/xercesImpl-2.9.1.jar
7f2ff1543000-7f2ff1549000 r--s 0005b000 08:01 397112                     /home/ca6/.gradle/wrapper/dists/gradle-4.1-all/bzyivzo6n839fup2jbap0tjew/gradle-4.1/lib/plugins/jcifs-1.3.17.jar
7f2ff1549000-7f2ff1550000 r--s 00049000 08:01 397153                     /home/ca6/.gradle/wrapper/dists/gradle-4.1-all/bzyivzo6n839fup2jbap0tjew/gradle-4.1/lib/plugins/httpcore-4.4.4.jar
7f2ff1550000-7f2ff1556000 r--s 00033000 08:01 397105                     /home/ca6/.gradle/wrapper/dists/gradle-4.1-all/bzyivzo6n839fup2jbap0tjew/gradle-4.1/lib/plugins/commons-codec-1.6.jar
7f2ff1556000-7f2ff1563000 r--s 000a4000 08:01 397098                     /home/ca6/.gradle/wrapper/dists/gradle-4.1-all/bzyivzo6n839fup2jbap0tjew/gradle-4.1/lib/plugins/httpclient-4.4.1.jar
7f2ff1563000-7f2ff1565000 r--s 0000b000 08:01 397093                     /home/ca6/.gradle/wrapper/dists/gradle-4.1-all/bzyivzo6n839fup2jbap0tjew/gradle-4.1/lib/plugins/gradle-resources-http-4.1.jar
7f2ff1565000-7f2ff1569000 r--s 00017000 08:01 397090                     /home/ca6/.gradle/wrapper/dists/gradle-4.1-all/bzyivzo6n839fup2jbap0tjew/gradle-4.1/lib/plugins/gradle-plugin-use-4.1.jar
7f2ff1569000-7f2ff156a000 r--s 00000000 08:01 397001                     /home/ca6/.gradle/wrapper/dists/gradle-4.1-all/bzyivzo6n839fup2jbap0tjew/gradle-4.1/lib/gradle-runtime-api-info-4.1.jar
7f2ff156a000-7f2ff156b000 r--s 00000000 08:01 397004                     /home/ca6/.gradle/wrapper/dists/gradle-4.1-all/bzyivzo6n839fup2jbap0tjew/gradle-4.1/lib/gradle-installation-beacon-4.1.jar
7f2ff156b000-7f2ff15ab000 r--s 00277000 08:01 397125                     /home/ca6/.gradle/wrapper/dists/gradle-4.1-all/bzyivzo6n839fup2jbap0tjew/gradle-4.1/lib/plugins/bcprov-jdk15on-1.51.jar
7f2ff15ab000-7f2ff15af000 r--s 0001d000 08:01 397124                     /home/ca6/.gradle/wrapper/dists/gradle-4.1-all/bzyivzo6n839fup2jbap0tjew/gradle-4.1/lib/plugins/xbean-reflect-3.4.jar
7f2ff15af000-7f2ff15b1000 r--s 0000a000 08:01 397126                     /home/ca6/.gradle/wrapper/dists/gradle-4.1-all/bzyivzo6n839fup2jbap0tjew/gradle-4.1/lib/plugins/maven-settings-3.0.4.jar
7f2ff15b1000-7f2ff15b4000 r--s 00008000 08:01 397127                     /home/ca6/.gradle/wrapper/dists/gradle-4.1-all/bzyivzo6n839fup2jbap0tjew/gradle-4.1/lib/plugins/maven-settings-builder-3.0.4.jar
7f2ff15b4000-7f2ff15b8000 r--s 00033000 08:01 397128                     /home/ca6/.gradle/wrapper/dists/gradle-4.1-all/bzyivzo6n839fup2jbap0tjew/gradle-4.1/lib/plugins/plexus-utils-2.0.6.jar
7f2ff15b8000-7f2ff15ba000 r--s 0000d000 08:01 397129                     /home/ca6/.gradle/wrapper/dists/gradle-4.1-all/bzyivzo6n839fup2jbap0tjew/gradle-4.1/lib/plugins/plexus-interpolation-1.14.jar
7f2ff15ba000-7f2ff15bc000 r--s 00000000 08:01 397104                     /home/ca6/.gradle/wrapper/dists/gradle-4.1-all/bzyivzo6n839fup2jbap0tjew/gradle-4.1/lib/plugins/plexus-component-annotations-1.5.5.jar
7f2ff15bc000-7f2ff15c3000 r--s 0002e000 08:01 397130                     /home/ca6/.gradle/wrapper/dists/gradle-4.1-all/bzyivzo6n839fup2jbap0tjew/gradle-4.1/lib/plugins/plexus-container-default-1.5.5.jar
7f2ff15c3000-7f2ff15c5000 r--s 0000a000 08:01 397131                     /home/ca6/.gradle/wrapper/dists/gradle-4.1-all/bzyivzo6n839fup2jbap0tjew/gradle-4.1/lib/plugins/plexus-classworlds-2.4.jar
7f2ff15c5000-7f2ff15c7000 r--s 00002000 08:01 397132                     /home/ca6/.gradle/wrapper/dists/gradle-4.1-all/bzyivzo6n839fup2jbap0tjew/gradle-4.1/lib/plugins/plexus-cipher-1.7.jar
7f2ff15c7000-7f2ff15c8000 r--s 00006000 08:01 397133                     /home/ca6/.gradle/wrapper/dists/gradle-4.1-all/bzyivzo6n839fup2jbap0tjew/gradle-4.1/lib/plugins/plexus-sec-dispatcher-1.3.jar
7f2ff15c8000-7f2ff15ce000 r--s 0003f000 08:01 397134                     /home/ca6/.gradle/wrapper/dists/gradle-4.1-all/bzyivzo6n839fup2jbap0tjew/gradle-4.1/lib/plugins/maven-compat-3.0.4.jar
7f2ff15ce000-7f2ff15d2000 r--s 00021000 08:01 397135                     /home/ca6/.gradle/wrapper/dists/gradle-4.1-all/bzyivzo6n839fup2jbap0tjew/gradle-4.1/lib/plugins/maven-model-builder-3.0.4.jar
7f2ff15d2000-7f2ff15d4000 r--s 00026000 08:01 397136                     /home/ca6/.gradle/wrapper/dists/gradle-4.1-all/bzyivzo6n839fup2jbap0tjew/gradle-4.1/lib/plugins/maven-model-3.0.4.jar
7f2ff15d4000-7f2ff15d6000 r--s 0000b000 08:01 397137                     /home/ca6/.gradle/wrapper/dists/gradle-4.1-all/bzyivzo6n839fup2jbap0tjew/gradle-4.1/lib/plugins/maven-artifact-3.0.4.jar
7f2ff15d6000-7f2ff15d8000 r--s 00006000 08:01 397138                     /home/ca6/.gradle/wrapper/dists/gradle-4.1-all/bzyivzo6n839fup2jbap0tjew/gradle-4.1/lib/plugins/maven-repository-metadata-3.0.4.jar
7f2ff15d8000-7f2ff15da000 r--s 0000b000 08:01 397139                     /home/ca6/.gradle/wrapper/dists/gradle-4.1-all/bzyivzo6n839fup2jbap0tjew/gradle-4.1/lib/plugins/maven-plugin-api-3.0.4.jar
7f2ff15da000-7f2ff15dc000 r--s 0000c000 08:01 397140                     /home/ca6/.gradle/wrapper/dists/gradle-4.1-all/bzyivzo6n839fup2jbap0tjew/gradle-4.1/lib/plugins/maven-aether-provider-3.0.4.jar
7f2ff15dc000-7f2ff15dd000 r--s 00002000 08:01 397141                     /home/ca6/.gradle/wrapper/dists/gradle-4.1-all/bzyivzo6n839fup2jbap0tjew/gradle-4.1/lib/plugins/wagon-file-2.4.jar
7f2ff15dd000-7f2ff15de000 r--s 00002000 08:01 397142                     /home/ca6/.gradle/wrapper/dists/gradle-4.1-all/bzyivzo6n839fup2jbap0tjew/gradle-4.1/lib/plugins/wagon-http-2.4.jar
7f2ff15de000-7f2ff15e0000 r--s 0000b000 08:01 397143                     /home/ca6/.gradle/wrapper/dists/gradle-4.1-all/bzyivzo6n839fup2jbap0tjew/gradle-4.1/lib/plugins/wagon-provider-api-2.4.jar
7f2ff15e0000-7f2ff15e1000 r--s 00007000 08:01 397144                     /home/ca6/.gradle/wrapper/dists/gradle-4.1-all/bzyivzo6n839fup2jbap0tjew/gradle-4.1/lib/plugins/wagon-http-shared4-2.4.jar
7f2ff15e1000-7f2ff15e4000 r--s 00013000 08:01 397145                     /home/ca6/.gradle/wrapper/dists/gradle-4.1-all/bzyivzo6n839fup2jbap0tjew/gradle-4.1/lib/plugins/aether-api-1.13.1.jar
7f2ff15e4000-7f2ff15e7000 r--s 0001d000 08:01 397146                     /home/ca6/.gradle/wrapper/dists/gradle-4.1-all/bzyivzo6n839fup2jbap0tjew/gradle-4.1/lib/plugins/aether-impl-1.13.1.jar
7f2ff15e7000-7f2ff15eb000 r--s 0001c000 08:01 397148                     /home/ca6/.gradle/wrapper/dists/gradle-4.1-all/bzyivzo6n839fup2jbap0tjew/gradle-4.1/lib/plugins/aether-util-1.13.1.jar
7f2ff15eb000-7f2ff15f7000 r--s 0007d000 08:01 397101                     /home/ca6/.gradle/wrapper/dists/gradle-4.1-all/bzyivzo6n839fup2jbap0tjew/gradle-4.1/lib/plugins/maven-core-3.0.4.jar
7f2ff15f7000-7f2ff15fc000 r--s 00034000 08:01 397108                     /home/ca6/.gradle/wrapper/dists/gradle-4.1-all/bzyivzo6n839fup2jbap0tjew/gradle-4.1/lib/plugins/gson-2.7.jar
7f2ff15fc000-7f2ff1620000 r--s 0011a000 08:01 397096                     /home/ca6/.gradle/wrapper/dists/gradle-4.1-all/bzyivzo6n839fup2jbap0tjew/gradle-4.1/lib/plugins/gradle-dependency-management-4.1.jar
7f2ff1620000-7f2ff1636000 r-xp 00000000 08:01 9310702                    /lib/x86_64-linux-gnu/libgcc_s.so.1
7f2ff1636000-7f2ff1835000 ---p 00016000 08:01 9310702                    /lib/x86_64-linux-gnu/libgcc_s.so.1
7f2ff1835000-7f2ff1836000 rw-p 00015000 08:01 9310702                    /lib/x86_64-linux-gnu/libgcc_s.so.1
7f2ff1836000-7f2ff19a8000 r-xp 00000000 08:01 18883415                   /usr/lib/x86_64-linux-gnu/libstdc++.so.6.0.21
7f2ff19a8000-7f2ff1ba8000 ---p 00172000 08:01 18883415                   /usr/lib/x86_64-linux-gnu/libstdc++.so.6.0.21
7f2ff1ba8000-7f2ff1bb2000 r--p 00172000 08:01 18883415                   /usr/lib/x86_64-linux-gnu/libstdc++.so.6.0.21
7f2ff1bb2000-7f2ff1bb4000 rw-p 0017c000 08:01 18883415                   /usr/lib/x86_64-linux-gnu/libstdc++.so.6.0.21
7f2ff1bb4000-7f2ff1bb8000 rw-p 00000000 00:00 0 
7f2ff1bb8000-7f2ff1bb9000 r--s 00003000 08:01 397147                     /home/ca6/.gradle/wrapper/dists/gradle-4.1-all/bzyivzo6n839fup2jbap0tjew/gradle-4.1/lib/plugins/aether-spi-1.13.1.jar
7f2ff1bb9000-7f2ff1bbb000 r--s 00006000 08:01 397149                     /home/ca6/.gradle/wrapper/dists/gradle-4.1-all/bzyivzo6n839fup2jbap0tjew/gradle-4.1/lib/plugins/aether-connector-wagon-1.13.1.jar
7f2ff1bbb000-7f2ff1bc0000 r--s 00040000 08:01 397116                     /home/ca6/.gradle/wrapper/dists/gradle-4.1-all/bzyivzo6n839fup2jbap0tjew/gradle-4.1/lib/plugins/jsch-0.1.54.jar
7f2ff1bc0000-7f2ff1bcf000 r--s 000d9000 08:01 397115                     /home/ca6/.gradle/wrapper/dists/gradle-4.1-all/bzyivzo6n839fup2jbap0tjew/gradle-4.1/lib/plugins/ivy-2.2.0.jar
7f2ff1bcf000-7f2ff1bd2000 r--s 0000d000 08:01 397095                     /home/ca6/.gradle/wrapper/dists/gradle-4.1-all/bzyivzo6n839fup2jbap0tjew/gradle-4.1/lib/plugins/gradle-workers-4.1.jar
7f2ff1bd2000-7f2ff1bd7000 r-xp 00000000 08:01 264493                     /home/ca6/.gradle/native/25/linux-amd64/libnative-platform.so
7f2ff1bd7000-7f2ff1dd6000 ---p 00005000 08:01 264493                     /home/ca6/.gradle/native/25/linux-amd64/libnative-platform.so
7f2ff1dd6000-7f2ff1dd7000 rw-p 00004000 08:01 264493                     /home/ca6/.gradle/native/25/linux-amd64/libnative-platform.so
7f2ff1dd7000-7f2ff1de8000 r-xp 00000000 08:01 24117587                   /home/ca6/opt/android-studio/jre/jre/lib/amd64/libnio.so
7f2ff1de8000-7f2ff1fe7000 ---p 00011000 08:01 24117587                   /home/ca6/opt/android-studio/jre/jre/lib/amd64/libnio.so
7f2ff1fe7000-7f2ff1fe8000 r--p 00010000 08:01 24117587                   /home/ca6/opt/android-studio/jre/jre/lib/amd64/libnio.so
7f2ff1fe8000-7f2ff1fe9000 rw-p 00011000 08:01 24117587                   /home/ca6/opt/android-studio/jre/jre/lib/amd64/libnio.so
7f2ff1fe9000-7f2ff1fff000 r-xp 00000000 08:01 24117589                   /home/ca6/opt/android-studio/jre/jre/lib/amd64/libnet.so
7f2ff1fff000-7f2ff21ff000 ---p 00016000 08:01 24117589                   /home/ca6/opt/android-studio/jre/jre/lib/amd64/libnet.so
7f2ff21ff000-7f2ff2200000 r--p 00016000 08:01 24117589                   /home/ca6/opt/android-studio/jre/jre/lib/amd64/libnet.so
7f2ff2200000-7f2ff2201000 rw-p 00017000 08:01 24117589                   /home/ca6/opt/android-studio/jre/jre/lib/amd64/libnet.so
7f2ff2201000-7f2ff2202000 r--s 00006000 08:01 397003                     /home/ca6/.gradle/wrapper/dists/gradle-4.1-all/bzyivzo6n839fup2jbap0tjew/gradle-4.1/lib/gradle-wrapper-4.1.jar
7f2ff2202000-7f2ff220f000 r--s 00043000 08:01 397002                     /home/ca6/.gradle/wrapper/dists/gradle-4.1-all/bzyivzo6n839fup2jbap0tjew/gradle-4.1/lib/gradle-tooling-api-4.1.jar
7f2ff220f000-7f2ff221e000 r--s 000c8000 08:01 396999                     /home/ca6/.gradle/wrapper/dists/gradle-4.1-all/bzyivzo6n839fup2jbap0tjew/gradle-4.1/lib/kotlin-stdlib-1.1.3-2.jar
7f2ff221e000-7f2ff2250000 r--s 0021b000 08:01 396998                     /home/ca6/.gradle/wrapper/dists/gradle-4.1-all/bzyivzo6n839fup2jbap0tjew/gradle-4.1/lib/kotlin-reflect-1.1.3-2.jar
7f2ff2250000-7f2ff2407000 r--s 01786000 08:01 396997                     /home/ca6/.gradle/wrapper/dists/gradle-4.1-all/bzyivzo6n839fup2jbap0tjew/gradle-4.1/lib/kotlin-compiler-embeddable-1.1.3-2.jar
7f2ff2407000-7f2ff2408000 r--s 00000000 08:01 396996                     /home/ca6/.gradle/wrapper/dists/gradle-4.1-all/bzyivzo6n839fup2jbap0tjew/gradle-4.1/lib/gradle-kotlin-dsl-tooling-models-0.10.3.jar
7f2ff2408000-7f2ff2409000 r--s 00001000 08:01 396994                     /home/ca6/.gradle/wrapper/dists/gradle-4.1-all/bzyivzo6n839fup2jbap0tjew/gradle-4.1/lib/gradle-kotlin-dsl-compiler-plugin-0.10.3.jar
7f2ff2409000-7f2ff240b000 r--s 00003000 08:01 396992                     /home/ca6/.gradle/wrapper/dists/gradle-4.1-all/bzyivzo6n839fup2jbap0tjew/gradle-4.1/lib/annotations-13.0.jar
7f2ff240b000-7f2ff2415000 r--s 00073000 08:01 396993                     /home/ca6/.gradle/wrapper/dists/gradle-4.1-all/bzyivzo6n839fup2jbap0tjew/gradle-4.1/lib/gradle-kotlin-dsl-0.10.3.jar
7f2ff2415000-7f2ff241a000 r--s 00013000 08:01 397009                     /home/ca6/.gradle/wrapper/dists/gradle-4.1-all/bzyivzo6n839fup2jbap0tjew/gradle-4.1/lib/gradle-resources-4.1.jar
7f2ff241a000-7f2ff241c000 r--s 00005000 08:01 397016                     /home/ca6/.gradle/wrapper/dists/gradle-4.1-all/bzyivzo6n839fup2jbap0tjew/gradle-4.1/lib/gradle-cli-4.1.jar
7f2ff241c000-7f2ff241e000 r--s 00003000 08:01 397023                     /home/ca6/.gradle/wrapper/dists/gradle-4.1-all/bzyivzo6n839fup2jbap0tjew/gradle-4.1/lib/jcl-over-slf4j-1.7.10.jar
7f2ff241e000-7f2ff241f000 r--s 00005000 08:01 397022                     /home/ca6/.gradle/wrapper/dists/gradle-4.1-all/bzyivzo6n839fup2jbap0tjew/gradle-4.1/lib/log4j-over-slf4j-1.7.10.jar
7f2ff241f000-7f2ff2421000 r--s 00000000 08:01 397021                     /home/ca6/.gradle/wrapper/dists/gradle-4.1-all/bzyivzo6n839fup2jbap0tjew/gradle-4.1/lib/jul-to-slf4j-1.7.10.jar
7f2ff2421000-7f2ff2428000 r--s 0002c000 08:01 397007                     /home/ca6/.gradle/wrapper/dists/gradle-4.1-all/bzyivzo6n839fup2jbap0tjew/gradle-4.1/lib/gradle-logging-4.1.jar
7f2ff2428000-7f2ff2438000 r--s 00082000 08:01 397012                     /home/ca6/.gradle/wrapper/dists/gradle-4.1-all/bzyivzo6n839fup2jbap0tjew/gradle-4.1/lib/gradle-model-core-4.1.jar
7f2ff2438000-7f2ff243a000 r--s 00006000 08:01 397013                     /home/ca6/.gradle/wrapper/dists/gradle-4.1-all/bzyivzo6n839fup2jbap0tjew/gradle-4.1/lib/gradle-base-services-groovy-4.1.jar
7f2ff243a000-7f2ff243c000 r--s 00007000 08:01 397011                     /home/ca6/.gradle/wrapper/dists/gradle-4.1-all/bzyivzo6n839fup2jbap0tjew/gradle-4.1/lib/gradle-model-groovy-4.1.jar
7f2ff243c000-7f2ff243d000 r--s 00002000 08:01 397034                     /home/ca6/.gradle/wrapper/dists/gradle-4.1-all/bzyivzo6n839fup2jbap0tjew/gradle-4.1/lib/gradle-docs-4.1.jar
7f2ff243d000-7f2ff244a000 r--s 00083000 08:01 397032                     /home/ca6/.gradle/wrapper/dists/gradle-4.1-all/bzyivzo6n839fup2jbap0tjew/gradle-4.1/lib/commons-collections-3.2.2.jar
7f2ff244a000-7f2ff244b000 r--s 00000000 08:01 397031                     /home/ca6/.gradle/wrapper/dists/gradle-4.1-all/bzyivzo6n839fup2jbap0tjew/gradle-4.1/lib/javax.inject-1.jar
7f2ff244b000-7f2ff24bb000 r--s 00645000 08:01 397029                     /home/ca6/.gradle/wrapper/dists/gradle-4.1-all/bzyivzo6n839fup2jbap0tjew/gradle-4.1/lib/groovy-all-2.4.11.jar
7f2ff24bb000-7f2ff24be000 r--s 00023000 08:01 397035                     /home/ca6/.gradle/wrapper/dists/gradle-4.1-all/bzyivzo6n839fup2jbap0tjew/gradle-4.1/lib/jansi-1.14.jar
7f2ff24be000-7f2ff24bf000 r--s 00004000 08:01 397037                     /home/ca6/.gradle/wrapper/dists/gradle-4.1-all/bzyivzo6n839fup2jbap0tjew/gradle-4.1/lib/native-platform-freebsd-amd64-libcpp-0.14.jar
7f2ff24bf000-7f2ff24c0000 r--s 00004000 08:01 397038                     /home/ca6/.gradle/wrapper/dists/gradle-4.1-all/bzyivzo6n839fup2jbap0tjew/gradle-4.1/lib/native-platform-freebsd-amd64-libstdcpp-0.14.jar
7f2ff24c0000-7f2ff24c1000 r--s 00004000 08:01 397039                     /home/ca6/.gradle/wrapper/dists/gradle-4.1-all/bzyivzo6n839fup2jbap0tjew/gradle-4.1/lib/native-platform-freebsd-i386-libcpp-0.14.jar
7f2ff24c1000-7f2ff24c2000 r--s 00003000 08:01 397040                     /home/ca6/.gradle/wrapper/dists/gradle-4.1-all/bzyivzo6n839fup2jbap0tjew/gradle-4.1/lib/native-platform-freebsd-i386-libstdcpp-0.14.jar
7f2ff24c2000-7f2ff24c3000 r--s 00002000 08:01 397041                     /home/ca6/.gradle/wrapper/dists/gradle-4.1-all/bzyivzo6n839fup2jbap0tjew/gradle-4.1/lib/native-platform-linux-amd64-0.14.jar
7f2ff24c3000-7f2ff24c4000 r--s 00002000 08:01 397042                     /home/ca6/.gradle/wrapper/dists/gradle-4.1-all/bzyivzo6n839fup2jbap0tjew/gradle-4.1/lib/native-platform-linux-i386-0.14.jar
7f2ff24c4000-7f2ff24c6000 r--s 00002000 08:01 397043                     /home/ca6/.gradle/wrapper/dists/gradle-4.1-all/bzyivzo6n839fup2jbap0tjew/gradle-4.1/lib/native-platform-osx-amd64-0.14.jar
7f2ff24c6000-7f2ff24c7000 r--s 00003000 08:01 397044                     /home/ca6/.gradle/wrapper/dists/gradle-4.1-all/bzyivzo6n839fup2jbap0tjew/gradle-4.1/lib/native-platform-osx-i386-0.14.jar
7f2ff24c7000-7f2ff24c9000 r--s 0000b000 08:01 397045                     /home/ca6/.gradle/wrapper/dists/gradle-4.1-all/bzyivzo6n839fup2jbap0tjew/gradle-4.1/lib/native-platform-windows-amd64-0.14.jar
7f2ff24c9000-7f2ff24cd000 r--s 00012000 08:01 397033                     /home/ca6/.gradle/wrapper/dists/gradle-4.1-all/bzyivzo6n839fup2jbap0tjew/gradle-4.1/lib/native-platform-0.14.jar
7f2ff24cd000-7f2ff24f5000 r--s 001cf000 08:01 397025                     /home/ca6/.gradle/wrapper/dists/gradle-4.1-all/bzyivzo6n839fup2jbap0tjew/gradle-4.1/lib/guava-jdk5-17.0.jar
7f2ff24f5000-7f2ff2514000 r--s 001d1000 08:01 397030                     /home/ca6/.gradle/wrapper/dists/gradle-4.1-all/bzyivzo6n839fup2jbap0tjew/gradle-4.1/lib/ant-1.9.6.jar
7f2ff2514000-7f2ff255e000 r--s 00253000 08:01 397005                     /home/ca6/.gradle/wrapper/dists/gradle-4.1-all/bzyivzo6n839fup2jbap0tjew/gradle-4.1/lib/gradle-core-4.1.jar
7f2ff255e000-7f2ff255f000 ---p 00000000 00:00 0 
7f2ff255f000-7f2ff265f000 rw-p 00000000 00:00 0 
7f2ff265f000-7f2ff2662000 ---p 00000000 00:00 0 
7f2ff2662000-7f2ff2760000 rw-p 00000000 00:00 0 
7f2ff2760000-7f2ff2763000 ---p 00000000 00:00 0 
7f2ff2763000-7f2ff2861000 rw-p 00000000 00:00 0 
7f2ff2861000-7f2ff2864000 ---p 00000000 00:00 0 
7f2ff2864000-7f2ff2962000 rw-p 00000000 00:00 0 
7f2ff2962000-7f2ff2965000 ---p 00000000 00:00 0 
7f2ff2965000-7f2ff2a63000 rw-p 00000000 00:00 0 
7f2ff2a63000-7f2ff2a66000 ---p 00000000 00:00 0 
7f2ff2a66000-7f2ff2b64000 rw-p 00000000 00:00 0 
7f2ff2b64000-7f2ff2e8c000 r--p 00000000 08:01 18876379                   /usr/lib/locale/locale-archive
7f2ff2e8c000-7f2ff2e8f000 ---p 00000000 00:00 0 
7f2ff2e8f000-7f2ff2f8d000 rw-p 00000000 00:00 0 
7f2ff2f8d000-7f2ff2f90000 ---p 00000000 00:00 0 
7f2ff2f90000-7f2ff308e000 rw-p 00000000 00:00 0 
7f2ff308e000-7f2ff308f000 ---p 00000000 00:00 0 
7f2ff308f000-7f2ff4000000 rw-p 00000000 00:00 0 
7f2ff4000000-7f2ff4021000 rw-p 00000000 00:00 0 
7f2ff4021000-7f2ff8000000 ---p 00000000 00:00 0 
7f2ff8000000-7f2ff8021000 rw-p 00000000 00:00 0 
7f2ff8021000-7f2ffc000000 ---p 00000000 00:00 0 
7f2ffc000000-7f2ffc040000 rw-p 00000000 00:00 0 
7f2ffc040000-7f3000000000 ---p 00000000 00:00 0 
7f3000000000-7f3000037000 rw-p 00000000 00:00 0 
7f3000037000-7f3004000000 ---p 00000000 00:00 0 
7f3004000000-7f3004001000 r--s 0000b000 08:01 397046                     /home/ca6/.gradle/wrapper/dists/gradle-4.1-all/bzyivzo6n839fup2jbap0tjew/gradle-4.1/lib/native-platform-windows-i386-0.14.jar
7f3004001000-7f3004002000 r--s 00001000 08:01 397047                     /home/ca6/.gradle/wrapper/dists/gradle-4.1-all/bzyivzo6n839fup2jbap0tjew/gradle-4.1/lib/native-platform-linux-amd64-ncurses5-0.14.jar
7f3004002000-7f3004003000 r--s 00001000 08:01 397048                     /home/ca6/.gradle/wrapper/dists/gradle-4.1-all/bzyivzo6n839fup2jbap0tjew/gradle-4.1/lib/native-platform-linux-amd64-ncurses6-0.14.jar
7f3004003000-7f3004006000 r--s 0000c000 08:01 397010                     /home/ca6/.gradle/wrapper/dists/gradle-4.1-all/bzyivzo6n839fup2jbap0tjew/gradle-4.1/lib/gradle-native-4.1.jar
7f3004006000-7f3004008000 r--s 0000f000 08:01 397018                     /home/ca6/.gradle/wrapper/dists/gradle-4.1-all/bzyivzo6n839fup2jbap0tjew/gradle-4.1/lib/reflectasm-1.07-shaded.jar
7f3004008000-7f300400a000 r--s 00000000 08:01 397051                     /home/ca6/.gradle/wrapper/dists/gradle-4.1-all/bzyivzo6n839fup2jbap0tjew/gradle-4.1/lib/minlog-1.2.jar
7f300400a000-7f300400c000 r--s 00007000 08:01 397052                     /home/ca6/.gradle/wrapper/dists/gradle-4.1-all/bzyivzo6n839fup2jbap0tjew/gradle-4.1/lib/objenesis-1.2.jar
7f300400c000-7f3004010000 r--s 00026000 08:01 397017                     /home/ca6/.gradle/wrapper/dists/gradle-4.1-all/bzyivzo6n839fup2jbap0tjew/gradle-4.1/lib/kryo-2.20.jar
7f3004010000-7f3004132000 rw-p 00000000 00:00 0 
7f3004132000-7f3004302000 r--s 03c46000 08:01 24117543                   /home/ca6/opt/android-studio/jre/jre/lib/rt.jar
7f3004302000-7f3007e02000 rw-p 00000000 00:00 0 
7f3007e02000-7f3007e03000 ---p 00000000 00:00 0 
7f3007e03000-7f3007f03000 rw-p 00000000 00:00 0 
7f3007f03000-7f3007f04000 ---p 00000000 00:00 0 
7f3007f04000-7f3008004000 rw-p 00000000 00:00 0 
7f3008004000-7f3008005000 ---p 00000000 00:00 0 
7f3008005000-7f3008133000 rw-p 00000000 00:00 0 
7f3008133000-7f3008305000 ---p 00000000 00:00 0 
7f3008305000-7f3008333000 rw-p 00000000 00:00 0 
7f3008333000-7f3008505000 ---p 00000000 00:00 0 
7f3008505000-7f3008597000 rw-p 00000000 00:00 0 
7f3008597000-7f3008605000 ---p 00000000 00:00 0 
7f3008605000-7f300865e000 rw-p 00000000 00:00 0 
7f300865e000-7f30089c6000 ---p 00000000 00:00 0 
7f30089c6000-7f3009fc6000 rwxp 00000000 00:00 0 
7f3009fc6000-7f30179c6000 ---p 00000000 00:00 0 
7f30179c6000-7f30179e0000 r-xp 00000000 08:01 24117564                   /home/ca6/opt/android-studio/jre/jre/lib/amd64/libzip.so
7f30179e0000-7f3017be0000 ---p 0001a000 08:01 24117564                   /home/ca6/opt/android-studio/jre/jre/lib/amd64/libzip.so
7f3017be0000-7f3017be1000 r--p 0001a000 08:01 24117564                   /home/ca6/opt/android-studio/jre/jre/lib/amd64/libzip.so
7f3017be1000-7f3017be2000 rw-p 0001b000 08:01 24117564                   /home/ca6/opt/android-studio/jre/jre/lib/amd64/libzip.so
7f3017be2000-7f3017bed000 r-xp 00000000 08:01 9312480                    /lib/x86_64-linux-gnu/libnss_files-2.23.so
7f3017bed000-7f3017dec000 ---p 0000b000 08:01 9312480                    /lib/x86_64-linux-gnu/libnss_files-2.23.so
7f3017dec000-7f3017ded000 r--p 0000a000 08:01 9312480                    /lib/x86_64-linux-gnu/libnss_files-2.23.so
7f3017ded000-7f3017dee000 rw-p 0000b000 08:01 9312480                    /lib/x86_64-linux-gnu/libnss_files-2.23.so
7f3017dee000-7f3017df4000 rw-p 00000000 00:00 0 
7f3017df4000-7f3017dff000 r-xp 00000000 08:01 9312484                    /lib/x86_64-linux-gnu/libnss_nis-2.23.so
7f3017dff000-7f3017ffe000 ---p 0000b000 08:01 9312484                    /lib/x86_64-linux-gnu/libnss_nis-2.23.so
7f3017ffe000-7f3017fff000 r--p 0000a000 08:01 9312484                    /lib/x86_64-linux-gnu/libnss_nis-2.23.so
7f3017fff000-7f3018000000 rw-p 0000b000 08:01 9312484                    /lib/x86_64-linux-gnu/libnss_nis-2.23.so
7f3018000000-7f3018cad000 rw-p 00000000 00:00 0 
7f3018cad000-7f301c000000 ---p 00000000 00:00 0 
7f301c000000-7f301c001000 r--s 00001000 08:01 397049                     /home/ca6/.gradle/wrapper/dists/gradle-4.1-all/bzyivzo6n839fup2jbap0tjew/gradle-4.1/lib/native-platform-linux-i386-ncurses5-0.14.jar
7f301c001000-7f301c007000 r--s 0002b000 08:01 397014                     /home/ca6/.gradle/wrapper/dists/gradle-4.1-all/bzyivzo6n839fup2jbap0tjew/gradle-4.1/lib/gradle-messaging-4.1.jar
7f301c007000-7f301c009000 r--s 00006000 08:01 397008                     /home/ca6/.gradle/wrapper/dists/gradle-4.1-all/bzyivzo6n839fup2jbap0tjew/gradle-4.1/lib/gradle-process-services-4.1.jar
7f301c009000-7f301c00e000 r--s 00041000 08:01 397027                     /home/ca6/.gradle/wrapper/dists/gradle-4.1-all/bzyivzo6n839fup2jbap0tjew/gradle-4.1/lib/commons-lang-2.6.jar
7f301c00e000-7f301c0d2000 rw-p 00000000 00:00 0 
7f301c0d2000-7f301c0d3000 ---p 00000000 00:00 0 
7f301c0d3000-7f301c1d3000 rw-p 00000000 00:00 0 
7f301c1d3000-7f301c1e9000 r-xp 00000000 08:01 9312464                    /lib/x86_64-linux-gnu/libnsl-2.23.so
7f301c1e9000-7f301c3e8000 ---p 00016000 08:01 9312464                    /lib/x86_64-linux-gnu/libnsl-2.23.so
7f301c3e8000-7f301c3e9000 r--p 00015000 08:01 9312464                    /lib/x86_64-linux-gnu/libnsl-2.23.so
7f301c3e9000-7f301c3ea000 rw-p 00016000 08:01 9312464                    /lib/x86_64-linux-gnu/libnsl-2.23.so
7f301c3ea000-7f301c3ec000 rw-p 00000000 00:00 0 
7f301c3ec000-7f301c3f4000 r-xp 00000000 08:01 9312475                    /lib/x86_64-linux-gnu/libnss_compat-2.23.so
7f301c3f4000-7f301c5f3000 ---p 00008000 08:01 9312475                    /lib/x86_64-linux-gnu/libnss_compat-2.23.so
7f301c5f3000-7f301c5f4000 r--p 00007000 08:01 9312475                    /lib/x86_64-linux-gnu/libnss_compat-2.23.so
7f301c5f4000-7f301c5f5000 rw-p 00008000 08:01 9312475                    /lib/x86_64-linux-gnu/libnss_compat-2.23.so
7f301c5f5000-7f301c622000 r-xp 00000000 08:01 24117563                   /home/ca6/opt/android-studio/jre/jre/lib/amd64/libjava.so
7f301c622000-7f301c821000 ---p 0002d000 08:01 24117563                   /home/ca6/opt/android-studio/jre/jre/lib/amd64/libjava.so
7f301c821000-7f301c822000 r--p 0002c000 08:01 24117563                   /home/ca6/opt/android-studio/jre/jre/lib/amd64/libjava.so
7f301c822000-7f301c824000 rw-p 0002d000 08:01 24117563                   /home/ca6/opt/android-studio/jre/jre/lib/amd64/libjava.so
7f301c824000-7f301c834000 r-xp 00000000 08:01 24117569                   /home/ca6/opt/android-studio/jre/jre/lib/amd64/libverify.so
7f301c834000-7f301ca33000 ---p 00010000 08:01 24117569                   /home/ca6/opt/android-studio/jre/jre/lib/amd64/libverify.so
7f301ca33000-7f301ca35000 r--p 0000f000 08:01 24117569                   /home/ca6/opt/android-studio/jre/jre/lib/amd64/libverify.so
7f301ca35000-7f301ca36000 rw-p 00011000 08:01 24117569                   /home/ca6/opt/android-studio/jre/jre/lib/amd64/libverify.so
7f301ca36000-7f301ca3d000 r-xp 00000000 08:01 9312485                    /lib/x86_64-linux-gnu/librt-2.23.so
7f301ca3d000-7f301cc3c000 ---p 00007000 08:01 9312485                    /lib/x86_64-linux-gnu/librt-2.23.so
7f301cc3c000-7f301cc3d000 r--p 00006000 08:01 9312485                    /lib/x86_64-linux-gnu/librt-2.23.so
7f301cc3d000-7f301cc3e000 rw-p 00007000 08:01 9312485                    /lib/x86_64-linux-gnu/librt-2.23.so
7f301cc3e000-7f301cd46000 r-xp 00000000 08:01 9312463                    /lib/x86_64-linux-gnu/libm-2.23.so
7f301cd46000-7f301cf45000 ---p 00108000 08:01 9312463                    /lib/x86_64-linux-gnu/libm-2.23.so
7f301cf45000-7f301cf46000 r--p 00107000 08:01 9312463                    /lib/x86_64-linux-gnu/libm-2.23.so
7f301cf46000-7f301cf47000 rw-p 00108000 08:01 9312463                    /lib/x86_64-linux-gnu/libm-2.23.so
7f301cf47000-7f301db3f000 r-xp 00000000 08:01 24117573                   /home/ca6/opt/android-studio/jre/jre/lib/amd64/server/libjvm.so
7f301db3f000-7f301dd3f000 ---p 00bf8000 08:01 24117573                   /home/ca6/opt/android-studio/jre/jre/lib/amd64/server/libjvm.so
7f301dd3f000-7f301ddde000 r--p 00bf8000 08:01 24117573                   /home/ca6/opt/android-studio/jre/jre/lib/amd64/server/libjvm.so
7f301ddde000-7f301de07000 rw-p 00c97000 08:01 24117573                   /home/ca6/opt/android-studio/jre/jre/lib/amd64/server/libjvm.so
7f301de07000-7f301de4b000 rw-p 00000000 00:00 0 
7f301de4b000-7f301de63000 r-xp 00000000 08:01 9312466                    /lib/x86_64-linux-gnu/libpthread-2.23.so
7f301de63000-7f301e062000 ---p 00018000 08:01 9312466                    /lib/x86_64-linux-gnu/libpthread-2.23.so
7f301e062000-7f301e063000 r--p 00017000 08:01 9312466                    /lib/x86_64-linux-gnu/libpthread-2.23.so
7f301e063000-7f301e064000 rw-p 00018000 08:01 9312466                    /lib/x86_64-linux-gnu/libpthread-2.23.so
7f301e064000-7f301e068000 rw-p 00000000 00:00 0 
7f301e068000-7f301e06b000 r-xp 00000000 08:01 9312469                    /lib/x86_64-linux-gnu/libdl-2.23.so
7f301e06b000-7f301e26a000 ---p 00003000 08:01 9312469                    /lib/x86_64-linux-gnu/libdl-2.23.so
7f301e26a000-7f301e26b000 r--p 00002000 08:01 9312469                    /lib/x86_64-linux-gnu/libdl-2.23.so
7f301e26b000-7f301e26c000 rw-p 00003000 08:01 9312469                    /lib/x86_64-linux-gnu/libdl-2.23.so
7f301e26c000-7f301e42c000 r-xp 00000000 08:01 9312467                    /lib/x86_64-linux-gnu/libc-2.23.so
7f301e42c000-7f301e62c000 ---p 001c0000 08:01 9312467                    /lib/x86_64-linux-gnu/libc-2.23.so
7f301e62c000-7f301e630000 r--p 001c0000 08:01 9312467                    /lib/x86_64-linux-gnu/libc-2.23.so
7f301e630000-7f301e632000 rw-p 001c4000 08:01 9312467                    /lib/x86_64-linux-gnu/libc-2.23.so
7f301e632000-7f301e636000 rw-p 00000000 00:00 0 
7f301e636000-7f301e64c000 r-xp 00000000 08:01 24117512                   /home/ca6/opt/android-studio/jre/lib/amd64/jli/libjli.so
7f301e64c000-7f301e84b000 ---p 00016000 08:01 24117512                   /home/ca6/opt/android-studio/jre/lib/amd64/jli/libjli.so
7f301e84b000-7f301e84c000 r--p 00015000 08:01 24117512                   /home/ca6/opt/android-studio/jre/lib/amd64/jli/libjli.so
7f301e84c000-7f301e84d000 rw-p 00016000 08:01 24117512                   /home/ca6/opt/android-studio/jre/lib/amd64/jli/libjli.so
7f301e84d000-7f301e873000 r-xp 00000000 08:01 9312465                    /lib/x86_64-linux-gnu/ld-2.23.so
7f301e873000-7f301e875000 r--s 00000000 08:01 397006                     /home/ca6/.gradle/wrapper/dists/gradle-4.1-all/bzyivzo6n839fup2jbap0tjew/gradle-4.1/lib/gradle-jvm-services-4.1.jar
7f301e875000-7f301e878000 r--s 00006000 08:01 397026                     /home/ca6/.gradle/wrapper/dists/gradle-4.1-all/bzyivzo6n839fup2jbap0tjew/gradle-4.1/lib/jsr305-1.3.9.jar
7f301e878000-7f301e87c000 r--s 00027000 08:01 397020                     /home/ca6/.gradle/wrapper/dists/gradle-4.1-all/bzyivzo6n839fup2jbap0tjew/gradle-4.1/lib/commons-io-2.2.jar
7f301e87c000-7f301e884000 r--s 000bd000 08:01 397019                     /home/ca6/.gradle/wrapper/dists/gradle-4.1-all/bzyivzo6n839fup2jbap0tjew/gradle-4.1/lib/asm-debug-all-6.0_ALPHA.jar
7f301e884000-7f301e890000 r--s 00053000 08:01 397015                     /home/ca6/.gradle/wrapper/dists/gradle-4.1-all/bzyivzo6n839fup2jbap0tjew/gradle-4.1/lib/gradle-base-services-4.1.jar
7f301e890000-7f301e952000 rw-p 00000000 00:00 0 
7f301e952000-7f301e955000 ---p 00000000 00:00 0 
7f301e955000-7f301ea57000 rw-p 00000000 00:00 0 
7f301ea57000-7f301ea58000 r--s 00001000 08:01 397050                     /home/ca6/.gradle/wrapper/dists/gradle-4.1-all/bzyivzo6n839fup2jbap0tjew/gradle-4.1/lib/native-platform-linux-i386-ncurses6-0.14.jar
7f301ea58000-7f301ea59000 r--s 00000000 08:01 397028                     /home/ca6/.gradle/wrapper/dists/gradle-4.1-all/bzyivzo6n839fup2jbap0tjew/gradle-4.1/lib/jcip-annotations-1.0.jar
7f301ea59000-7f301ea5a000 r--s 00007000 08:01 397024                     /home/ca6/.gradle/wrapper/dists/gradle-4.1-all/bzyivzo6n839fup2jbap0tjew/gradle-4.1/lib/slf4j-api-1.7.10.jar
7f301ea5a000-7f301ea5b000 r--s 00004000 08:01 397036                     /home/ca6/.gradle/wrapper/dists/gradle-4.1-all/bzyivzo6n839fup2jbap0tjew/gradle-4.1/lib/ant-launcher-1.9.6.jar
7f301ea5b000-7f301ea67000 r--s 0005c000 08:01 397000                     /home/ca6/.gradle/wrapper/dists/gradle-4.1-all/bzyivzo6n839fup2jbap0tjew/gradle-4.1/lib/gradle-launcher-4.1.jar
7f301ea67000-7f301ea6f000 rw-s 00000000 08:01 23212348                   /tmp/hsperfdata_ca6/12786
7f301ea6f000-7f301ea70000 rw-p 00000000 00:00 0 
7f301ea70000-7f301ea71000 ---p 00000000 00:00 0 
7f301ea71000-7f301ea72000 rw-p 00000000 00:00 0 
7f301ea72000-7f301ea73000 r--p 00025000 08:01 9312465                    /lib/x86_64-linux-gnu/ld-2.23.so
7f301ea73000-7f301ea74000 rw-p 00026000 08:01 9312465                    /lib/x86_64-linux-gnu/ld-2.23.so
7f301ea74000-7f301ea75000 rw-p 00000000 00:00 0 
7ffcbe504000-7ffcbe525000 rw-p 00000000 00:00 0                          [stack]
7ffcbe5dd000-7ffcbe5e0000 r--p 00000000 00:00 0                          [vvar]
7ffcbe5e0000-7ffcbe5e2000 r-xp 00000000 00:00 0                          [vdso]
ffffffffff600000-ffffffffff601000 r-xp 00000000 00:00 0                  [vsyscall]

VM Arguments:
jvm_args: -Xmx1536m -Dfile.encoding=UTF-8 -Duser.country=IN -Duser.language=en -Duser.variant 
java_command: org.gradle.launcher.daemon.bootstrap.GradleDaemon 4.1
java_class_path (initial): /home/ca6/.gradle/wrapper/dists/gradle-4.1-all/bzyivzo6n839fup2jbap0tjew/gradle-4.1/lib/gradle-launcher-4.1.jar
Launcher Type: SUN_STANDARD

Environment Variables:
JAVA_HOME=/usr/lib/jvm/java-8-oracle
PATH=/home/ca6/bin:/home/ca6/.local/bin:/usr/local/sbin:/usr/local/bin:/usr/sbin:/usr/bin:/sbin:/bin:/usr/games:/usr/local/games:/snap/bin:/usr/lib/jvm/java-8-oracle/bin:/usr/lib/jvm/java-8-oracle/db/bin:/usr/lib/jvm/java-8-oracle/jre/bin
LD_LIBRARY_PATH=/home/ca6/opt/android-studio/bin:
SHELL=/bin/bash
DISPLAY=:0

Signal Handlers:
SIGSEGV: [libjvm.so+0x9ebc60], sa_mask[0]=11111111011111111101111111111110, sa_flags=SA_RESTART|SA_SIGINFO
SIGBUS: [libjvm.so+0x9ebc60], sa_mask[0]=11111111011111111101111111111110, sa_flags=SA_RESTART|SA_SIGINFO
SIGFPE: [libjvm.so+0x84cf60], sa_mask[0]=11111111011111111101111111111110, sa_flags=SA_RESTART|SA_SIGINFO
SIGPIPE: [libjvm.so+0x84cf60], sa_mask[0]=11111111011111111101111111111110, sa_flags=SA_RESTART|SA_SIGINFO
SIGXFSZ: [libjvm.so+0x84cf60], sa_mask[0]=11111111011111111101111111111110, sa_flags=SA_RESTART|SA_SIGINFO
SIGILL: [libjvm.so+0x84cf60], sa_mask[0]=11111111011111111101111111111110, sa_flags=SA_RESTART|SA_SIGINFO
SIGUSR1: SIG_DFL, sa_mask[0]=00000000000000000000000000000000, sa_flags=none
SIGUSR2: [libjvm.so+0x84ce30], sa_mask[0]=00100000000000000000000000000000, sa_flags=SA_RESTART|SA_SIGINFO
SIGHUP: [libjvm.so+0x84d020], sa_mask[0]=11111111011111111101111111111110, sa_flags=SA_RESTART|SA_SIGINFO
SIGINT: [libjvm.so+0x84d020], sa_mask[0]=11111111011111111101111111111110, sa_flags=SA_RESTART|SA_SIGINFO
SIGTERM: [libjvm.so+0x84d020], sa_mask[0]=11111111011111111101111111111110, sa_flags=SA_RESTART|SA_SIGINFO
SIGQUIT: [libjvm.so+0x84d020], sa_mask[0]=11111111011111111101111111111110, sa_flags=SA_RESTART|SA_SIGINFO


---------------  S Y S T E M  ---------------

OS:DISTRIB_ID=Ubuntu
DISTRIB_RELEASE=16.04
DISTRIB_CODENAME=xenial
DISTRIB_DESCRIPTION="Ubuntu 16.04.3 LTS"

uname:Linux 4.13.0-32-generic #35~16.04.1-Ubuntu SMP Thu Jan 25 10:13:43 UTC 2018 x86_64
libc:glibc 2.23 NPTL 2.23 
rlimit: STACK 8192k, CORE 0k, NPROC 29525, NOFILE 1048576, AS infinity
load average:7.21 3.78 2.41

/proc/meminfo:
MemTotal:        7611256 kB
MemFree:          121968 kB
MemAvailable:      20288 kB
Buffers:            1288 kB
Cached:           369700 kB
SwapCached:            0 kB
Active:          6903344 kB
Inactive:         360276 kB
Active(anon):    6894368 kB
Inactive(anon):   345856 kB
Active(file):       8976 kB
Inactive(file):    14420 kB
Unevictable:          32 kB
Mlocked:              32 kB
SwapTotal:             0 kB
SwapFree:              0 kB
Dirty:                84 kB
Writeback:           456 kB
AnonPages:       6893156 kB
Mapped:            99736 kB
Shmem:            347100 kB
Slab:              88280 kB
SReclaimable:      42964 kB
SUnreclaim:        45316 kB
KernelStack:       12512 kB
PageTables:        56792 kB
NFS_Unstable:          0 kB
Bounce:                0 kB
WritebackTmp:          0 kB
CommitLimit:     3805628 kB
Committed_AS:   18302472 kB
VmallocTotal:   34359738367 kB
VmallocUsed:           0 kB
VmallocChunk:          0 kB
HardwareCorrupted:     0 kB
AnonHugePages:      6144 kB
ShmemHugePages:        0 kB
ShmemPmdMapped:        0 kB
CmaTotal:              0 kB
CmaFree:               0 kB
HugePages_Total:       0
HugePages_Free:        0
HugePages_Rsvd:        0
HugePages_Surp:        0
Hugepagesize:       2048 kB
DirectMap4k:      146968 kB
DirectMap2M:     7675904 kB
DirectMap1G:     1048576 kB


CPU:total 4 (initial active 4) (2 cores per cpu, 2 threads per core) family 6 model 142 stepping 9, cmov, cx8, fxsr, mmx, sse, sse2, sse3, ssse3, sse4.1, sse4.2, popcnt, avx, avx2, aes, clmul, erms, 3dnowpref, lzcnt, ht, tsc, tscinvbit, bmi1, bmi2, adx

/proc/cpuinfo:
processor	: 0
vendor_id	: GenuineIntel
cpu family	: 6
model		: 142
model name	: Intel(R) Core(TM) i5-7200U CPU @ 2.50GHz
stepping	: 9
microcode	: 0x62
cpu MHz		: 2700.000
cache size	: 3072 KB
physical id	: 0
siblings	: 4
core id		: 0
cpu cores	: 2
apicid		: 0
initial apicid	: 0
fpu		: yes
fpu_exception	: yes
cpuid level	: 22
wp		: yes
flags		: fpu vme de pse tsc msr pae mce cx8 apic sep mtrr pge mca cmov pat pse36 clflush dts acpi mmx fxsr sse sse2 ss ht tm pbe syscall nx pdpe1gb rdtscp lm constant_tsc art arch_perfmon pebs bts rep_good nopl xtopology nonstop_tsc cpuid aperfmperf tsc_known_freq pni pclmulqdq dtes64 monitor ds_cpl vmx est tm2 ssse3 sdbg fma cx16 xtpr pdcm pcid sse4_1 sse4_2 x2apic movbe popcnt tsc_deadline_timer aes xsave avx f16c rdrand lahf_lm abm 3dnowprefetch cpuid_fault epb invpcid_single pti intel_pt tpr_shadow vnmi flexpriority ept vpid fsgsbase tsc_adjust bmi1 avx2 smep bmi2 erms invpcid mpx rdseed adx smap clflushopt xsaveopt xsavec xgetbv1 xsaves dtherm ida arat pln pts hwp hwp_notify hwp_act_window hwp_epp
bugs		: cpu_meltdown spectre_v1 spectre_v2
bogomips	: 5424.00
clflush size	: 64
cache_alignment	: 64
address sizes	: 39 bits physical, 48 bits virtual
power management:

processor	: 1
vendor_id	: GenuineIntel
cpu family	: 6
model		: 142
model name	: Intel(R) Core(TM) i5-7200U CPU @ 2.50GHz
stepping	: 9
microcode	: 0x62
cpu MHz		: 2700.000
cache size	: 3072 KB
physical id	: 0
siblings	: 4
core id		: 1
cpu cores	: 2
apicid		: 2
initial apicid	: 2
fpu		: yes
fpu_exception	: yes
cpuid level	: 22
wp		: yes
flags		: fpu vme de pse tsc msr pae mce cx8 apic sep mtrr pge mca cmov pat pse36 clflush dts acpi mmx fxsr sse sse2 ss ht tm pbe syscall nx pdpe1gb rdtscp lm constant_tsc art arch_perfmon pebs bts rep_good nopl xtopology nonstop_tsc cpuid aperfmperf tsc_known_freq pni pclmulqdq dtes64 monitor ds_cpl vmx est tm2 ssse3 sdbg fma cx16 xtpr pdcm pcid sse4_1 sse4_2 x2apic movbe popcnt tsc_deadline_timer aes xsave avx f16c rdrand lahf_lm abm 3dnowprefetch cpuid_fault epb invpcid_single pti intel_pt tpr_shadow vnmi flexpriority ept vpid fsgsbase tsc_adjust bmi1 avx2 smep bmi2 erms invpcid mpx rdseed adx smap clflushopt xsaveopt xsavec xgetbv1 xsaves dtherm ida arat pln pts hwp hwp_notify hwp_act_window hwp_epp
bugs		: cpu_meltdown spectre_v1 spectre_v2
bogomips	: 5424.00
clflush size	: 64
cache_alignment	: 64
address sizes	: 39 bits physical, 48 bits virtual
power management:

processor	: 2
vendor_id	: GenuineIntel
cpu family	: 6
model		: 142
model name	: Intel(R) Core(TM) i5-7200U CPU @ 2.50GHz
stepping	: 9
microcode	: 0x62
cpu MHz		: 2700.000
cache size	: 3072 KB
physical id	: 0
siblings	: 4
core id		: 0
cpu cores	: 2
apicid		: 1
initial apicid	: 1
fpu		: yes
fpu_exception	: yes
cpuid level	: 22
wp		: yes
flags		: fpu vme de pse tsc msr pae mce cx8 apic sep mtrr pge mca cmov pat pse36 clflush dts acpi mmx fxsr sse sse2 ss ht tm pbe syscall nx pdpe1gb rdtscp lm constant_tsc art arch_perfmon pebs bts rep_good nopl xtopology nonstop_tsc cpuid aperfmperf tsc_known_freq pni pclmulqdq dtes64 monitor ds_cpl vmx est tm2 ssse3 sdbg fma cx16 xtpr pdcm pcid sse4_1 sse4_2 x2apic movbe popcnt tsc_deadline_timer aes xsave avx f16c rdrand lahf_lm abm 3dnowprefetch cpuid_fault epb invpcid_single pti intel_pt tpr_shadow vnmi flexpriority ept vpid fsgsbase tsc_adjust bmi1 avx2 smep bmi2 erms invpcid mpx rdseed adx smap clflushopt xsaveopt xsavec xgetbv1 xsaves dtherm ida arat pln pts hwp hwp_notify hwp_act_window hwp_epp
bugs		: cpu_meltdown spectre_v1 spectre_v2
bogomips	: 5424.00
clflush size	: 64
cache_alignment	: 64
address sizes	: 39 bits physical, 48 bits virtual
power management:

processor	: 3
vendor_id	: GenuineIntel
cpu family	: 6
model		: 142
model name	: Intel(R) Core(TM) i5-7200U CPU @ 2.50GHz
stepping	: 9
microcode	: 0x62
cpu MHz		: 2700.000
cache size	: 3072 KB
physical id	: 0
siblings	: 4
core id		: 1
cpu cores	: 2
apicid		: 3
initial apicid	: 3
fpu		: yes
fpu_exception	: yes
cpuid level	: 22
wp		: yes
flags		: fpu vme de pse tsc msr pae mce cx8 apic sep mtrr pge mca cmov pat pse36 clflush dts acpi mmx fxsr sse sse2 ss ht tm pbe syscall nx pdpe1gb rdtscp lm constant_tsc art arch_perfmon pebs bts rep_good nopl xtopology nonstop_tsc cpuid aperfmperf tsc_known_freq pni pclmulqdq dtes64 monitor ds_cpl vmx est tm2 ssse3 sdbg fma cx16 xtpr pdcm pcid sse4_1 sse4_2 x2apic movbe popcnt tsc_deadline_timer aes xsave avx f16c rdrand lahf_lm abm 3dnowprefetch cpuid_fault epb invpcid_single pti intel_pt tpr_shadow vnmi flexpriority ept vpid fsgsbase tsc_adjust bmi1 avx2 smep bmi2 erms invpcid mpx rdseed adx smap clflushopt xsaveopt xsavec xgetbv1 xsaves dtherm ida arat pln pts hwp hwp_notify hwp_act_window hwp_epp
bugs		: cpu_meltdown spectre_v1 spectre_v2
bogomips	: 5424.00
clflush size	: 64
cache_alignment	: 64
address sizes	: 39 bits physical, 48 bits virtual
power management:



Memory: 4k page, physical 7611256k(119488k free), swap 0k(0k free)

vm_info: OpenJDK 64-Bit Server VM (25.152-b01) for linux-amd64 JRE (1.8.0_152-release-915-b01), built by "builder" with gcc 4.8.4

time: Wed Mar 21 15:25:50 2018
elapsed time: 138 seconds (0d 0h 2m 18s)

